# Logfile created on 2018-07-11 20:37:36 +0000 by logger.rb/56815
I, [2018-07-11T20:37:36.934263 #92]  INFO -- : Net::HTTP::Get: /login/oauth2/auth?client_id=lkjlk&response_type=code&redirect_uri=http%3A%2F%2Flocalhost%3A3000%2Foauth2%2Fcallback%3Fdocument_id%3D
D, [2018-07-11T20:37:36.934438 #92] DEBUG -- : request-header: accept-encoding => gzip,deflate,identity
D, [2018-07-11T20:37:36.934509 #92] DEBUG -- : request-header: accept => */*
D, [2018-07-11T20:37:36.934562 #92] DEBUG -- : request-header: user-agent => Mozilla/5.0 (Macintosh; Intel Mac OS X 10_11_2) AppleWebKit/601.3.9 (KHTML, like Gecko) Version/9.0.2 Safari/601.3.9
D, [2018-07-11T20:37:36.934609 #92] DEBUG -- : request-header: accept-charset => ISO-8859-1,utf-8;q=0.7,*;q=0.7
D, [2018-07-11T20:37:36.934653 #92] DEBUG -- : request-header: accept-language => en-us,en;q=0.5
D, [2018-07-11T20:37:36.934694 #92] DEBUG -- : request-header: host => localhost
I, [2018-07-11T20:38:19.544706 #124]  INFO -- : Net::HTTP::Get: /login/oauth2/auth?client_id=lkjlk&response_type=code&redirect_uri=http%3A%2F%2Flocalhost%3A3000%2Foauth2%2Fcallback%3Fdocument_id%3D
D, [2018-07-11T20:38:19.544799 #124] DEBUG -- : request-header: accept-encoding => gzip,deflate,identity
D, [2018-07-11T20:38:19.544864 #124] DEBUG -- : request-header: accept => */*
D, [2018-07-11T20:38:19.544896 #124] DEBUG -- : request-header: user-agent => Mozilla/5.0 (Macintosh; Intel Mac OS X 10_11_2) AppleWebKit/601.3.9 (KHTML, like Gecko) Version/9.0.2 Safari/601.3.9
D, [2018-07-11T20:38:19.544924 #124] DEBUG -- : request-header: accept-charset => ISO-8859-1,utf-8;q=0.7,*;q=0.7
D, [2018-07-11T20:38:19.544952 #124] DEBUG -- : request-header: accept-language => en-us,en;q=0.5
D, [2018-07-11T20:38:19.544979 #124] DEBUG -- : request-header: host => instance.instructure.com
I, [2018-07-11T20:38:19.545821 #124]  INFO -- : status: Net::HTTPBadRequest 1.1 400 Bad Request
D, [2018-07-11T20:38:19.545870 #124] DEBUG -- : response-header: cache-control => no-cache
D, [2018-07-11T20:38:19.545903 #124] DEBUG -- : response-header: content-type => application/json; charset=utf-8
D, [2018-07-11T20:38:19.545930 #124] DEBUG -- : response-header: date => Wed, 11 Jul 2018 20:38:17 GMT
D, [2018-07-11T20:38:19.545955 #124] DEBUG -- : response-header: p3p => CP="None, see http://www.instructure.com/privacy-policy"
D, [2018-07-11T20:38:19.545980 #124] DEBUG -- : response-header: server => Apache
D, [2018-07-11T20:38:19.546006 #124] DEBUG -- : response-header: set-cookie => _csrf_token=kSTSVSlw7PRyNV6ApEqHboMGrcxO%2FFIql7s2Etim%2BW%2FldLQ8ER6moStxBK%2FJfdYdwWnEvCmqGUXf6nRGssfJCQ%3D%3D; path=/; secure
D, [2018-07-11T20:38:19.546030 #124] DEBUG -- : response-header: status => 400 Bad Request
D, [2018-07-11T20:38:19.546055 #124] DEBUG -- : response-header: x-canvas-meta => q=854;a=416;g=yGI5zPy8lg9Wv85RZGbdYEsLqm0HmOy5EZ8iwFU1;s=3;c=cluster22;z=us-east-1c;b=1311040;m=1311040;u=0.01;y=0.00;d=0.00;
D, [2018-07-11T20:38:19.546080 #124] DEBUG -- : response-header: x-content-type-options => nosniff
D, [2018-07-11T20:38:19.546106 #124] DEBUG -- : response-header: x-request-context-id => fac5adfb-125b-48fe-bfc9-2c60384f4184
D, [2018-07-11T20:38:19.546130 #124] DEBUG -- : response-header: x-request-processor => 05f360b49ca594dfe
D, [2018-07-11T20:38:19.546155 #124] DEBUG -- : response-header: x-runtime => 0.012558
D, [2018-07-11T20:38:19.546180 #124] DEBUG -- : response-header: x-ua-compatible => IE=Edge,chrome=1
D, [2018-07-11T20:38:19.546204 #124] DEBUG -- : response-header: x-xss-protection => 1; mode=block
D, [2018-07-11T20:38:19.546228 #124] DEBUG -- : response-header: content-length => 93
D, [2018-07-11T20:38:19.546252 #124] DEBUG -- : response-header: connection => keep-alive
D, [2018-07-11T20:38:19.546304 #124] DEBUG -- : Read 93 bytes (93 total)
D, [2018-07-11T20:38:19.550362 #124] DEBUG -- : saved cookie: _csrf_token=kSTSVSlw7PRyNV6ApEqHboMGrcxO%2FFIql7s2Etim%2BW%2FldLQ8ER6moStxBK%2FJfdYdwWnEvCmqGUXf6nRGssfJCQ%3D%3D
I, [2018-07-11T20:38:32.585696 #155]  INFO -- : Net::HTTP::Get: /login/oauth2/auth?client_id=lkjlk&response_type=code&redirect_uri=http%3A%2F%2Flocalhost%3A3000%2Foauth2%2Fcallback%3Fdocument_id%3D
D, [2018-07-11T20:38:32.585881 #155] DEBUG -- : request-header: accept-encoding => gzip,deflate,identity
D, [2018-07-11T20:38:32.585961 #155] DEBUG -- : request-header: accept => */*
D, [2018-07-11T20:38:32.586012 #155] DEBUG -- : request-header: user-agent => Mozilla/5.0 (Macintosh; Intel Mac OS X 10_11_2) AppleWebKit/601.3.9 (KHTML, like Gecko) Version/9.0.2 Safari/601.3.9
D, [2018-07-11T20:38:32.586051 #155] DEBUG -- : request-header: accept-charset => ISO-8859-1,utf-8;q=0.7,*;q=0.7
D, [2018-07-11T20:38:32.586086 #155] DEBUG -- : request-header: accept-language => en-us,en;q=0.5
D, [2018-07-11T20:38:32.586120 #155] DEBUG -- : request-header: host => instance.instructure.com
I, [2018-07-11T20:38:32.587662 #155]  INFO -- : status: Net::HTTPBadRequest 1.1 400 Bad Request
D, [2018-07-11T20:38:32.587747 #155] DEBUG -- : response-header: cache-control => no-cache
D, [2018-07-11T20:38:32.587799 #155] DEBUG -- : response-header: content-type => application/json; charset=utf-8
D, [2018-07-11T20:38:32.587839 #155] DEBUG -- : response-header: date => Wed, 11 Jul 2018 20:38:32 GMT
D, [2018-07-11T20:38:32.587874 #155] DEBUG -- : response-header: p3p => CP="None, see http://www.instructure.com/privacy-policy"
D, [2018-07-11T20:38:32.587965 #155] DEBUG -- : response-header: server => Apache
D, [2018-07-11T20:38:32.588004 #155] DEBUG -- : response-header: set-cookie => _csrf_token=OIOzTOtG94bgYNLS0ODEeLM0sckRcaKkDVr%2Bq7EZn1hWtuMEgDSfwKossKaRr%2FQxyh%2FQpnsjicAmDL%2FJhHr8KQ%3D%3D; path=/; secure
D, [2018-07-11T20:38:32.588038 #155] DEBUG -- : response-header: status => 400 Bad Request
D, [2018-07-11T20:38:32.588115 #155] DEBUG -- : response-header: x-canvas-meta => q=1209;a=416;g=yGI5zPy8lg9Wv85RZGbdYEsLqm0HmOy5EZ8iwFU1;s=3;c=cluster22;z=us-east-1c;b=1340112;m=1340112;u=0.01;y=0.00;d=0.00;
D, [2018-07-11T20:38:32.588157 #155] DEBUG -- : response-header: x-content-type-options => nosniff
D, [2018-07-11T20:38:32.588190 #155] DEBUG -- : response-header: x-request-context-id => 9afcfa03-3971-4be8-a731-811eb78b7ac1
D, [2018-07-11T20:38:32.588223 #155] DEBUG -- : response-header: x-request-processor => 0621b6c208ef873d3
D, [2018-07-11T20:38:32.588254 #155] DEBUG -- : response-header: x-runtime => 0.014303
D, [2018-07-11T20:38:32.588286 #155] DEBUG -- : response-header: x-ua-compatible => IE=Edge,chrome=1
D, [2018-07-11T20:38:32.588318 #155] DEBUG -- : response-header: x-xss-protection => 1; mode=block
D, [2018-07-11T20:38:32.588350 #155] DEBUG -- : response-header: content-length => 93
D, [2018-07-11T20:38:32.588381 #155] DEBUG -- : response-header: connection => keep-alive
D, [2018-07-11T20:38:32.588461 #155] DEBUG -- : Read 93 bytes (93 total)
D, [2018-07-11T20:38:32.593212 #155] DEBUG -- : saved cookie: _csrf_token=OIOzTOtG94bgYNLS0ODEeLM0sckRcaKkDVr%2Bq7EZn1hWtuMEgDSfwKossKaRr%2FQxyh%2FQpnsjicAmDL%2FJhHr8KQ%3D%3D
I, [2018-07-11T20:43:34.318257 #186]  INFO -- : Net::HTTP::Get: /login/oauth2/auth?client_id=lkjlk&response_type=code&redirect_uri=http%3A%2F%2Flocalhost%3A3000%2Foauth2%2Fcallback%3Fdocument_id%3D
D, [2018-07-11T20:43:34.318439 #186] DEBUG -- : request-header: accept-encoding => gzip,deflate,identity
D, [2018-07-11T20:43:34.318513 #186] DEBUG -- : request-header: accept => */*
D, [2018-07-11T20:43:34.318597 #186] DEBUG -- : request-header: user-agent => Mozilla/5.0 (Macintosh; Intel Mac OS X 10_11_2) AppleWebKit/601.3.9 (KHTML, like Gecko) Version/9.0.2 Safari/601.3.9
D, [2018-07-11T20:43:34.318638 #186] DEBUG -- : request-header: accept-charset => ISO-8859-1,utf-8;q=0.7,*;q=0.7
D, [2018-07-11T20:43:34.318674 #186] DEBUG -- : request-header: accept-language => en-us,en;q=0.5
D, [2018-07-11T20:43:34.318707 #186] DEBUG -- : request-header: host => instance.instructure.com
I, [2018-07-11T20:43:34.320319 #186]  INFO -- : status: Net::HTTPOK 1.1 200 OK
D, [2018-07-11T20:43:34.320452 #186] DEBUG -- : response-header: content-type => text/html; charset=UTF-8
D, [2018-07-11T20:43:34.320544 #186] DEBUG -- : response-header: set-cookie => PHPSESSID=498beaef628e22fd7fa99752cde7d1e8; path=/
D, [2018-07-11T20:43:34.320617 #186] DEBUG -- : response-header: x-cloud-trace-context => 5990fdf91672fcc526e0079e6d315d9c;o=1
D, [2018-07-11T20:43:34.320692 #186] DEBUG -- : response-header: date => Wed, 11 Jul 2018 20:43:34 GMT
D, [2018-07-11T20:43:34.320763 #186] DEBUG -- : response-header: server => Google Frontend
D, [2018-07-11T20:43:34.320845 #186] DEBUG -- : response-header: content-length => 231
D, [2018-07-11T20:43:34.320896 #186] DEBUG -- : response-header: expires => Wed, 11 Jul 2018 20:43:34 GMT
D, [2018-07-11T20:43:34.320940 #186] DEBUG -- : response-header: cache-control => private
D, [2018-07-11T20:43:34.321072 #186] DEBUG -- : Read 231 bytes (231 total)
D, [2018-07-11T20:43:34.333264 #186] DEBUG -- : saved cookie: PHPSESSID=498beaef628e22fd7fa99752cde7d1e8
I, [2018-07-11T20:44:05.004542 #218]  INFO -- : Net::HTTP::Get: /lms/courses/323423432
D, [2018-07-11T20:44:05.004634 #218] DEBUG -- : request-header: accept-encoding => gzip,deflate,identity
D, [2018-07-11T20:44:05.004661 #218] DEBUG -- : request-header: accept => */*
D, [2018-07-11T20:44:05.004681 #218] DEBUG -- : request-header: user-agent => Mozilla/5.0 (Macintosh; Intel Mac OS X 10_11_2) AppleWebKit/601.3.9 (KHTML, like Gecko) Version/9.0.2 Safari/601.3.9
D, [2018-07-11T20:44:05.004698 #218] DEBUG -- : request-header: accept-charset => ISO-8859-1,utf-8;q=0.7,*;q=0.7
D, [2018-07-11T20:44:05.004714 #218] DEBUG -- : request-header: accept-language => en-us,en;q=0.5
D, [2018-07-11T20:44:05.004729 #218] DEBUG -- : request-header: host => localhost
I, [2018-07-11T20:44:32.199197 #283]  INFO -- : Net::HTTP::Get: /login/oauth2/auth?client_id=lkjlk&response_type=code&redirect_uri=http%3A%2F%2Flocalhost%3A3000%2Foauth2%2Fcallback%3Fdocument_id%3D
D, [2018-07-11T20:44:32.199313 #283] DEBUG -- : request-header: accept-encoding => gzip,deflate,identity
D, [2018-07-11T20:44:32.199350 #283] DEBUG -- : request-header: accept => */*
D, [2018-07-11T20:44:32.199377 #283] DEBUG -- : request-header: user-agent => Mozilla/5.0 (Macintosh; Intel Mac OS X 10_11_2) AppleWebKit/601.3.9 (KHTML, like Gecko) Version/9.0.2 Safari/601.3.9
D, [2018-07-11T20:44:32.199402 #283] DEBUG -- : request-header: accept-charset => ISO-8859-1,utf-8;q=0.7,*;q=0.7
D, [2018-07-11T20:44:32.199424 #283] DEBUG -- : request-header: accept-language => en-us,en;q=0.5
D, [2018-07-11T20:44:32.199467 #283] DEBUG -- : request-header: host => instance.instructure.com
I, [2018-07-11T20:44:32.200355 #283]  INFO -- : status: Net::HTTPOK 1.1 200 OK
D, [2018-07-11T20:44:32.200418 #283] DEBUG -- : response-header: content-type => text/html; charset=UTF-8
D, [2018-07-11T20:44:32.200471 #283] DEBUG -- : response-header: set-cookie => PHPSESSID=e21b7d2aa84c2aaf0613a5c5943aaefd; path=/
D, [2018-07-11T20:44:32.200519 #283] DEBUG -- : response-header: x-cloud-trace-context => 964cac8511210883daa6064e6d613e30;o=1
D, [2018-07-11T20:44:32.200565 #283] DEBUG -- : response-header: date => Wed, 11 Jul 2018 20:44:32 GMT
D, [2018-07-11T20:44:32.200610 #283] DEBUG -- : response-header: server => Google Frontend
D, [2018-07-11T20:44:32.200654 #283] DEBUG -- : response-header: content-length => 231
D, [2018-07-11T20:44:32.200697 #283] DEBUG -- : response-header: expires => Wed, 11 Jul 2018 20:44:32 GMT
D, [2018-07-11T20:44:32.200746 #283] DEBUG -- : response-header: cache-control => private
D, [2018-07-11T20:44:32.200807 #283] DEBUG -- : Read 231 bytes (231 total)
D, [2018-07-11T20:44:32.204893 #283] DEBUG -- : saved cookie: PHPSESSID=e21b7d2aa84c2aaf0613a5c5943aaefd
I, [2018-07-11T21:00:05.433588 #342]  INFO -- : Net::HTTP::Get: /login/oauth2/auth?client_id=0oafpot97ww0kHpui0h7&response_type=code&redirect_uri=http%3A%2F%2Flocalhost%3A3000%2Foauth2%2Fcallback%3Fdocument_id%3D
D, [2018-07-11T21:00:05.433788 #342] DEBUG -- : request-header: accept-encoding => gzip,deflate,identity
D, [2018-07-11T21:00:05.433852 #342] DEBUG -- : request-header: accept => */*
D, [2018-07-11T21:00:05.433903 #342] DEBUG -- : request-header: user-agent => Mozilla/5.0 (Macintosh; Intel Mac OS X 10_11_2) AppleWebKit/601.3.9 (KHTML, like Gecko) Version/9.0.2 Safari/601.3.9
D, [2018-07-11T21:00:05.433964 #342] DEBUG -- : request-header: accept-charset => ISO-8859-1,utf-8;q=0.7,*;q=0.7
D, [2018-07-11T21:00:05.434086 #342] DEBUG -- : request-header: accept-language => en-us,en;q=0.5
D, [2018-07-11T21:00:05.434126 #342] DEBUG -- : request-header: host => instance.instructure.com
I, [2018-07-11T21:00:05.436459 #342]  INFO -- : status: Net::HTTPBadRequest 1.1 400 Bad Request
D, [2018-07-11T21:00:05.436564 #342] DEBUG -- : response-header: date => Wed, 11 Jul 2018 21:00:05 GMT
D, [2018-07-11T21:00:05.436623 #342] DEBUG -- : response-header: server => nginx
D, [2018-07-11T21:00:05.436673 #342] DEBUG -- : response-header: public-key-pins-report-only => pin-sha256="jZomPEBSDXoipA9un78hKRIeN/+U4ZteRaiX8YpWfqc="; pin-sha256="axSbM6RQ+19oXxudaOTdwXJbSr6f7AahxbDHFy3p8s8="; pin-sha256="SE4qe2vdD9tAegPwO79rMnZyhHvqj3i5g1c2HkyGUNE="; pin-sha256="ylP0lMLMvBaiHn0ihLxHjzvlPVQNoyQ+rMiaj0da/Pw="; max-age=60; report-uri="https://okta.report-uri.io/r/default/hpkp/reportOnly"
D, [2018-07-11T21:00:05.436715 #342] DEBUG -- : response-header: content-type => text/html;charset=utf-8
D, [2018-07-11T21:00:05.436754 #342] DEBUG -- : response-header: x-okta-request-id => W0Zv1TpYrUOH4ioaXm9lHgAACEo
D, [2018-07-11T21:00:05.436791 #342] DEBUG -- : response-header: p3p => CP="HONK"
D, [2018-07-11T21:00:05.436827 #342] DEBUG -- : response-header: x-rate-limit-limit => 10000
D, [2018-07-11T21:00:05.436896 #342] DEBUG -- : response-header: x-rate-limit-remaining => 9999
D, [2018-07-11T21:00:05.436937 #342] DEBUG -- : response-header: x-rate-limit-reset => 1531342865
D, [2018-07-11T21:00:05.436974 #342] DEBUG -- : response-header: referrer-policy => no-referrer
D, [2018-07-11T21:00:05.437011 #342] DEBUG -- : response-header: x-okta-backend => op1-majorapp04a.aue1s.internal
D, [2018-07-11T21:00:05.437047 #342] DEBUG -- : response-header: cache-control => no-cache, no-store
D, [2018-07-11T21:00:05.437083 #342] DEBUG -- : response-header: pragma => no-cache
D, [2018-07-11T21:00:05.437119 #342] DEBUG -- : response-header: expires => 0
D, [2018-07-11T21:00:05.437155 #342] DEBUG -- : response-header: content-language => en
D, [2018-07-11T21:00:05.437194 #342] DEBUG -- : response-header: set-cookie => sid=""; Expires=Thu, 01-Jan-1970 00:00:10 GMT; Path=/, JSESSIONID=A550E3951A911B3AAE0CBBEF503C6DFA; Path=/; HttpOnly, t=default; Path=/, DT=DI04uma42XBRg2HX4unJreiXA; Expires=Fri, 10-Jul-2020 21:00:05 GMT; Path=/; Secure, sid=""; Expires=Thu, 01-Jan-1970 00:00:10 GMT; Path=/, JSESSIONID=A550E3951A911B3AAE0CBBEF503C6DFA; Path=/; Secure
D, [2018-07-11T21:00:05.437232 #342] DEBUG -- : response-header: connection => close
D, [2018-07-11T21:00:05.437269 #342] DEBUG -- : response-header: transfer-encoding => chunked
D, [2018-07-11T21:00:05.437411 #342] DEBUG -- : Read 11452 bytes (11452 total)
D, [2018-07-11T21:00:05.442256 #342] DEBUG -- : saved cookie: sid=
D, [2018-07-11T21:00:05.442411 #342] DEBUG -- : saved cookie: JSESSIONID=A550E3951A911B3AAE0CBBEF503C6DFA
D, [2018-07-11T21:00:05.442502 #342] DEBUG -- : saved cookie: t=default
D, [2018-07-11T21:00:05.442653 #342] DEBUG -- : saved cookie: DT=DI04uma42XBRg2HX4unJreiXA
D, [2018-07-11T21:00:05.442787 #342] DEBUG -- : saved cookie: sid=
D, [2018-07-11T21:00:05.442868 #342] DEBUG -- : saved cookie: JSESSIONID=A550E3951A911B3AAE0CBBEF503C6DFA
I, [2018-07-11T21:01:18.539284 #375]  INFO -- : Net::HTTP::Get: /oauth2/default/v1/authorize?response_type=code&client_id=0oafpot97ww0kHpui0h7&redirect_uri=https://www.oauth.com/playground/authorization-code.html&scope=photo+offline_access&state=UhzRcW0-qzJSQQ5Y
D, [2018-07-11T21:01:18.539476 #375] DEBUG -- : request-header: accept-encoding => gzip,deflate,identity
D, [2018-07-11T21:01:18.539543 #375] DEBUG -- : request-header: accept => */*
D, [2018-07-11T21:01:18.539628 #375] DEBUG -- : request-header: user-agent => Mozilla/5.0 (Macintosh; Intel Mac OS X 10_11_2) AppleWebKit/601.3.9 (KHTML, like Gecko) Version/9.0.2 Safari/601.3.9
D, [2018-07-11T21:01:18.539814 #375] DEBUG -- : request-header: accept-charset => ISO-8859-1,utf-8;q=0.7,*;q=0.7
D, [2018-07-11T21:01:18.539925 #375] DEBUG -- : request-header: accept-language => en-us,en;q=0.5
D, [2018-07-11T21:01:18.540007 #375] DEBUG -- : request-header: host => dev-396343.oktapreview.com
I, [2018-07-11T21:01:18.543419 #375]  INFO -- : status: Net::HTTPBadRequest 1.1 400 Bad Request
D, [2018-07-11T21:01:18.543551 #375] DEBUG -- : response-header: date => Wed, 11 Jul 2018 21:01:18 GMT
D, [2018-07-11T21:01:18.543654 #375] DEBUG -- : response-header: server => nginx
D, [2018-07-11T21:01:18.543743 #375] DEBUG -- : response-header: public-key-pins-report-only => pin-sha256="jZomPEBSDXoipA9un78hKRIeN/+U4ZteRaiX8YpWfqc="; pin-sha256="axSbM6RQ+19oXxudaOTdwXJbSr6f7AahxbDHFy3p8s8="; pin-sha256="SE4qe2vdD9tAegPwO79rMnZyhHvqj3i5g1c2HkyGUNE="; pin-sha256="ylP0lMLMvBaiHn0ihLxHjzvlPVQNoyQ+rMiaj0da/Pw="; max-age=60; report-uri="https://okta.report-uri.io/r/default/hpkp/reportOnly"
D, [2018-07-11T21:01:18.543831 #375] DEBUG -- : response-header: content-type => text/html;charset=utf-8
D, [2018-07-11T21:01:18.543917 #375] DEBUG -- : response-header: x-okta-request-id => W0ZwHjpYrUOH4ioaXm9r9QAACCk
D, [2018-07-11T21:01:18.543997 #375] DEBUG -- : response-header: p3p => CP="HONK"
D, [2018-07-11T21:01:18.544085 #375] DEBUG -- : response-header: x-rate-limit-limit => 10000
D, [2018-07-11T21:01:18.544121 #375] DEBUG -- : response-header: x-rate-limit-remaining => 9999
D, [2018-07-11T21:01:18.544146 #375] DEBUG -- : response-header: x-rate-limit-reset => 1531342938
D, [2018-07-11T21:01:18.544171 #375] DEBUG -- : response-header: referrer-policy => no-referrer
D, [2018-07-11T21:01:18.544195 #375] DEBUG -- : response-header: x-okta-backend => op1-majorapp01a.aue1s.internal
D, [2018-07-11T21:01:18.544219 #375] DEBUG -- : response-header: cache-control => no-cache, no-store
D, [2018-07-11T21:01:18.544243 #375] DEBUG -- : response-header: pragma => no-cache
D, [2018-07-11T21:01:18.544267 #375] DEBUG -- : response-header: expires => 0
D, [2018-07-11T21:01:18.544292 #375] DEBUG -- : response-header: content-language => en
D, [2018-07-11T21:01:18.544317 #375] DEBUG -- : response-header: set-cookie => sid=""; Expires=Thu, 01-Jan-1970 00:00:10 GMT; Path=/, JSESSIONID=B16C2EDCE96AE3D813A98371087A823D; Path=/; HttpOnly, t=default; Path=/, DT=DI0ZwohB90XTwmm6is-4er8dw; Expires=Fri, 10-Jul-2020 21:01:18 GMT; Path=/; Secure, sid=""; Expires=Thu, 01-Jan-1970 00:00:10 GMT; Path=/, JSESSIONID=B16C2EDCE96AE3D813A98371087A823D; Path=/; Secure
D, [2018-07-11T21:01:18.544341 #375] DEBUG -- : response-header: connection => close
D, [2018-07-11T21:01:18.544365 #375] DEBUG -- : response-header: transfer-encoding => chunked
D, [2018-07-11T21:01:18.544420 #375] DEBUG -- : Read 11452 bytes (11452 total)
D, [2018-07-11T21:01:18.547962 #375] DEBUG -- : saved cookie: sid=
D, [2018-07-11T21:01:18.548142 #375] DEBUG -- : saved cookie: JSESSIONID=B16C2EDCE96AE3D813A98371087A823D
D, [2018-07-11T21:01:18.548244 #375] DEBUG -- : saved cookie: t=default
D, [2018-07-11T21:01:18.548416 #375] DEBUG -- : saved cookie: DT=DI0ZwohB90XTwmm6is-4er8dw
D, [2018-07-11T21:01:18.548631 #375] DEBUG -- : saved cookie: sid=
D, [2018-07-11T21:01:18.548740 #375] DEBUG -- : saved cookie: JSESSIONID=B16C2EDCE96AE3D813A98371087A823D
I, [2018-07-11T21:01:57.545547 #408]  INFO -- : Net::HTTP::Get: /oauth2/default/v1/authorize?response_type=code&client_id=0oafpot97ww0kHpui0h7&redirect_uri=https://www.oauth.com/playground/authorization-code.html&scope=photo+offline_access&state=UhzRcW0-qzJSQQ5Y
D, [2018-07-11T21:01:57.545599 #408] DEBUG -- : request-header: accept-encoding => gzip,deflate,identity
D, [2018-07-11T21:01:57.545618 #408] DEBUG -- : request-header: accept => */*
D, [2018-07-11T21:01:57.545632 #408] DEBUG -- : request-header: user-agent => Mozilla/5.0 (Macintosh; Intel Mac OS X 10_11_2) AppleWebKit/601.3.9 (KHTML, like Gecko) Version/9.0.2 Safari/601.3.9
D, [2018-07-11T21:01:57.545644 #408] DEBUG -- : request-header: accept-charset => ISO-8859-1,utf-8;q=0.7,*;q=0.7
D, [2018-07-11T21:01:57.545656 #408] DEBUG -- : request-header: accept-language => en-us,en;q=0.5
D, [2018-07-11T21:01:57.545674 #408] DEBUG -- : request-header: host => dev-396343.oktapreview.com
I, [2018-07-11T21:01:58.121090 #408]  INFO -- : status: Net::HTTPFound 1.1 302 Found
D, [2018-07-11T21:01:58.121304 #408] DEBUG -- : response-header: date => Wed, 11 Jul 2018 21:01:58 GMT
D, [2018-07-11T21:01:58.121412 #408] DEBUG -- : response-header: server => nginx
D, [2018-07-11T21:01:58.121505 #408] DEBUG -- : response-header: public-key-pins-report-only => pin-sha256="jZomPEBSDXoipA9un78hKRIeN/+U4ZteRaiX8YpWfqc="; pin-sha256="axSbM6RQ+19oXxudaOTdwXJbSr6f7AahxbDHFy3p8s8="; pin-sha256="SE4qe2vdD9tAegPwO79rMnZyhHvqj3i5g1c2HkyGUNE="; pin-sha256="ylP0lMLMvBaiHn0ihLxHjzvlPVQNoyQ+rMiaj0da/Pw="; max-age=60; report-uri="https://okta.report-uri.io/r/default/hpkp/reportOnly"
D, [2018-07-11T21:01:58.121630 #408] DEBUG -- : response-header: content-length => 0
D, [2018-07-11T21:01:58.121714 #408] DEBUG -- : response-header: x-okta-request-id => W0ZwRjpYrUOH4ioaXm9vbQAACBA
D, [2018-07-11T21:01:58.121793 #408] DEBUG -- : response-header: p3p => CP="HONK"
D, [2018-07-11T21:01:58.121871 #408] DEBUG -- : response-header: x-rate-limit-limit => 10000
D, [2018-07-11T21:01:58.121946 #408] DEBUG -- : response-header: x-rate-limit-remaining => 9998
D, [2018-07-11T21:01:58.122020 #408] DEBUG -- : response-header: x-rate-limit-reset => 1531342938
D, [2018-07-11T21:01:58.122093 #408] DEBUG -- : response-header: referrer-policy => no-referrer
D, [2018-07-11T21:01:58.122166 #408] DEBUG -- : response-header: x-okta-backend => op1-majorapp04e.aue1s.internal
D, [2018-07-11T21:01:58.122238 #408] DEBUG -- : response-header: cache-control => no-cache, no-store
D, [2018-07-11T21:01:58.122308 #408] DEBUG -- : response-header: pragma => no-cache
D, [2018-07-11T21:01:58.122378 #408] DEBUG -- : response-header: expires => 0
D, [2018-07-11T21:01:58.122449 #408] DEBUG -- : response-header: location => https://dev-396343.oktapreview.com/login/login.htm?fromURI=/oauth2/v1/authorize/redirect?okta_key=0Qrn3D_b6RKRVvTkARQTGwxODPRddDjU9-7SGMMMmT8
D, [2018-07-11T21:01:58.122522 #408] DEBUG -- : response-header: content-language => en
D, [2018-07-11T21:01:58.122596 #408] DEBUG -- : response-header: strict-transport-security => max-age=315360000
D, [2018-07-11T21:01:58.122681 #408] DEBUG -- : response-header: x-robots-tag => none
D, [2018-07-11T21:01:58.122764 #408] DEBUG -- : response-header: set-cookie => ADRUM_BTa="R:0|g:1f61480a-201e-49e2-aee6-ddf2075d07a6"; Version=1; Max-Age=30; Expires=Wed, 11-Jul-2018 21:02:28 GMT; Path=/, ADRUM_BTa="R:0|g:1f61480a-201e-49e2-aee6-ddf2075d07a6|n:Okta_6d5b1e30-d05a-4894-a37b-81b5f6c60e0e"; Version=1; Max-Age=30; Expires=Wed, 11-Jul-2018 21:02:28 GMT; Path=/, ADRUM_BT1="R:0|i:11555"; Version=1; Max-Age=30; Expires=Wed, 11-Jul-2018 21:02:28 GMT; Path=/, ADRUM_BT1="R:0|i:11555|e:63"; Version=1; Max-Age=30; Expires=Wed, 11-Jul-2018 21:02:28 GMT; Path=/, sid=""; Expires=Thu, 01-Jan-1970 00:00:10 GMT; Path=/, JSESSIONID=34C60FB1DEA05FF236E7D21BA218A119; Path=/; HttpOnly, t=default; Path=/, DT=DI0ED2w2jgISwmaBYu6yfK10g; Expires=Fri, 10-Jul-2020 21:01:58 GMT; Path=/; Secure, sid=""; Expires=Thu, 01-Jan-1970 00:00:10 GMT; Path=/, JSESSIONID=34C60FB1DEA05FF236E7D21BA218A119; Path=/; Secure
D, [2018-07-11T21:01:58.122870 #408] DEBUG -- : response-header: keep-alive => timeout=5, max=100
D, [2018-07-11T21:01:58.122943 #408] DEBUG -- : response-header: connection => Keep-Alive
D, [2018-07-11T21:01:58.123166 #408] DEBUG -- : Read 0 bytes (0 total)
D, [2018-07-11T21:01:58.129590 #408] DEBUG -- : saved cookie: ADRUM_BTa=R:0|g:1f61480a-201e-49e2-aee6-ddf2075d07a6
D, [2018-07-11T21:01:58.129766 #408] DEBUG -- : saved cookie: ADRUM_BTa=R:0|g:1f61480a-201e-49e2-aee6-ddf2075d07a6|n:Okta_6d5b1e30-d05a-4894-a37b-81b5f6c60e0e
D, [2018-07-11T21:01:58.129896 #408] DEBUG -- : saved cookie: ADRUM_BT1=R:0|i:11555
D, [2018-07-11T21:01:58.130032 #408] DEBUG -- : saved cookie: ADRUM_BT1=R:0|i:11555|e:63
D, [2018-07-11T21:01:58.130148 #408] DEBUG -- : saved cookie: sid=
D, [2018-07-11T21:01:58.130220 #408] DEBUG -- : saved cookie: JSESSIONID=34C60FB1DEA05FF236E7D21BA218A119
D, [2018-07-11T21:01:58.130307 #408] DEBUG -- : saved cookie: t=default
D, [2018-07-11T21:01:58.130422 #408] DEBUG -- : saved cookie: DT=DI0ED2w2jgISwmaBYu6yfK10g
D, [2018-07-11T21:01:58.130530 #408] DEBUG -- : saved cookie: sid=
D, [2018-07-11T21:01:58.130611 #408] DEBUG -- : saved cookie: JSESSIONID=34C60FB1DEA05FF236E7D21BA218A119
I, [2018-07-11T21:01:58.131076 #408]  INFO -- : Net::HTTP::Get: /login/login.htm?fromURI=/oauth2/v1/authorize/redirect?okta_key=0Qrn3D_b6RKRVvTkARQTGwxODPRddDjU9-7SGMMMmT8
D, [2018-07-11T21:01:58.131108 #408] DEBUG -- : request-header: accept-encoding => gzip,deflate,identity
D, [2018-07-11T21:01:58.131129 #408] DEBUG -- : request-header: accept => */*
D, [2018-07-11T21:01:58.131157 #408] DEBUG -- : request-header: user-agent => Mozilla/5.0 (Macintosh; Intel Mac OS X 10_11_2) AppleWebKit/601.3.9 (KHTML, like Gecko) Version/9.0.2 Safari/601.3.9
D, [2018-07-11T21:01:58.131175 #408] DEBUG -- : request-header: accept-charset => ISO-8859-1,utf-8;q=0.7,*;q=0.7
D, [2018-07-11T21:01:58.131192 #408] DEBUG -- : request-header: accept-language => en-us,en;q=0.5
D, [2018-07-11T21:01:58.131208 #408] DEBUG -- : request-header: cookie => ADRUM_BT1=R:0|i:11555|e:63; ADRUM_BTa=R:0|g:1f61480a-201e-49e2-aee6-ddf2075d07a6|n:Okta_6d5b1e30-d05a-4894-a37b-81b5f6c60e0e; DT=DI0ED2w2jgISwmaBYu6yfK10g; JSESSIONID=34C60FB1DEA05FF236E7D21BA218A119; t=default
D, [2018-07-11T21:01:58.131226 #408] DEBUG -- : request-header: host => dev-396343.oktapreview.com
I, [2018-07-11T21:01:58.499138 #408]  INFO -- : status: Net::HTTPOK 1.1 200 OK
D, [2018-07-11T21:01:58.499260 #408] DEBUG -- : response-header: date => Wed, 11 Jul 2018 21:01:58 GMT
D, [2018-07-11T21:01:58.499315 #408] DEBUG -- : response-header: server => nginx
D, [2018-07-11T21:01:58.499362 #408] DEBUG -- : response-header: public-key-pins-report-only => pin-sha256="jZomPEBSDXoipA9un78hKRIeN/+U4ZteRaiX8YpWfqc="; pin-sha256="axSbM6RQ+19oXxudaOTdwXJbSr6f7AahxbDHFy3p8s8="; pin-sha256="SE4qe2vdD9tAegPwO79rMnZyhHvqj3i5g1c2HkyGUNE="; pin-sha256="ylP0lMLMvBaiHn0ihLxHjzvlPVQNoyQ+rMiaj0da/Pw="; max-age=60; report-uri="https://okta.report-uri.io/r/default/hpkp/reportOnly"
D, [2018-07-11T21:01:58.499405 #408] DEBUG -- : response-header: content-type => text/html;charset=utf-8
D, [2018-07-11T21:01:58.499444 #408] DEBUG -- : response-header: vary => Accept-Encoding
D, [2018-07-11T21:01:58.499485 #408] DEBUG -- : response-header: x-okta-request-id => W0ZwRuCmq84gbkXY0djMpwAAAe0
D, [2018-07-11T21:01:58.499524 #408] DEBUG -- : response-header: p3p => CP="HONK"
D, [2018-07-11T21:01:58.499585 #408] DEBUG -- : response-header: x-rate-limit-limit => 850
D, [2018-07-11T21:01:58.499624 #408] DEBUG -- : response-header: x-rate-limit-remaining => 849
D, [2018-07-11T21:01:58.499661 #408] DEBUG -- : response-header: x-rate-limit-reset => 1531342978
D, [2018-07-11T21:01:58.499697 #408] DEBUG -- : response-header: x-okta-backend => op1-majorapp04a.aue1s.internal
D, [2018-07-11T21:01:58.499733 #408] DEBUG -- : response-header: cache-control => no-cache, no-store
D, [2018-07-11T21:01:58.499770 #408] DEBUG -- : response-header: pragma => no-cache
D, [2018-07-11T21:01:58.499806 #408] DEBUG -- : response-header: expires => 0
D, [2018-07-11T21:01:58.499842 #408] DEBUG -- : response-header: x-frame-options => SAMEORIGIN
D, [2018-07-11T21:01:58.499877 #408] DEBUG -- : response-header: x-ua-compatible => IE=edge
D, [2018-07-11T21:01:58.499913 #408] DEBUG -- : response-header: content-language => en
D, [2018-07-11T21:01:58.499949 #408] DEBUG -- : response-header: strict-transport-security => max-age=315360000
D, [2018-07-11T21:01:58.499986 #408] DEBUG -- : response-header: x-robots-tag => none
D, [2018-07-11T21:01:58.500021 #408] DEBUG -- : response-header: content-encoding => gzip
D, [2018-07-11T21:01:58.500090 #408] DEBUG -- : response-header: set-cookie => ADRUM_BT1=R; Expires=Thu, 01-Jan-1970 00:00:10 GMT; Path=/, ADRUM_BTa=R; Expires=Thu, 01-Jan-1970 00:00:10 GMT; Path=/, ADRUM_BTa="R:0|g:00e77687-0a22-4efa-a6e8-9779ab8d101d"; Version=1; Max-Age=30; Expires=Wed, 11-Jul-2018 21:02:28 GMT; Path=/, ADRUM_BTa="R:0|g:00e77687-0a22-4efa-a6e8-9779ab8d101d|n:Okta_6d5b1e30-d05a-4894-a37b-81b5f6c60e0e"; Version=1; Max-Age=30; Expires=Wed, 11-Jul-2018 21:02:28 GMT; Path=/, ADRUM_BT1="R:0|i:11570"; Version=1; Max-Age=30; Expires=Wed, 11-Jul-2018 21:02:28 GMT; Path=/, ADRUM_BT1="R:0|i:11570|e:42"; Version=1; Max-Age=30; Expires=Wed, 11-Jul-2018 21:02:28 GMT; Path=/, sid=""; Expires=Thu, 01-Jan-1970 00:00:10 GMT; Path=/, JSESSIONID=03DFF4E087EEA1A9CD54AEAC40E4D61D; Path=/; HttpOnly, t=default; Path=/, sid=""; Expires=Thu, 01-Jan-1970 00:00:10 GMT; Path=/, JSESSIONID=03DFF4E087EEA1A9CD54AEAC40E4D61D; Path=/; Secure
D, [2018-07-11T21:01:58.500146 #408] DEBUG -- : response-header: keep-alive => timeout=5, max=100
D, [2018-07-11T21:01:58.500186 #408] DEBUG -- : response-header: connection => Keep-Alive
D, [2018-07-11T21:01:58.500223 #408] DEBUG -- : response-header: transfer-encoding => chunked
D, [2018-07-11T21:01:58.500333 #408] DEBUG -- : Read 0 bytes (0 total)
D, [2018-07-11T21:01:58.500446 #408] DEBUG -- : Read 4719 bytes (4719 total)
D, [2018-07-11T21:01:58.500644 #408] DEBUG -- : gzip response
D, [2018-07-11T21:01:58.502538 #408] DEBUG -- : saved cookie: ADRUM_BT1=R
D, [2018-07-11T21:01:58.502843 #408] DEBUG -- : saved cookie: ADRUM_BTa=R
D, [2018-07-11T21:01:58.503125 #408] DEBUG -- : saved cookie: ADRUM_BTa=R:0|g:00e77687-0a22-4efa-a6e8-9779ab8d101d
D, [2018-07-11T21:01:58.503436 #408] DEBUG -- : saved cookie: ADRUM_BTa=R:0|g:00e77687-0a22-4efa-a6e8-9779ab8d101d|n:Okta_6d5b1e30-d05a-4894-a37b-81b5f6c60e0e
D, [2018-07-11T21:01:58.503733 #408] DEBUG -- : saved cookie: ADRUM_BT1=R:0|i:11570
D, [2018-07-11T21:01:58.504001 #408] DEBUG -- : saved cookie: ADRUM_BT1=R:0|i:11570|e:42
D, [2018-07-11T21:01:58.504273 #408] DEBUG -- : saved cookie: sid=
D, [2018-07-11T21:01:58.504463 #408] DEBUG -- : saved cookie: JSESSIONID=03DFF4E087EEA1A9CD54AEAC40E4D61D
D, [2018-07-11T21:01:58.504612 #408] DEBUG -- : saved cookie: t=default
D, [2018-07-11T21:01:58.504886 #408] DEBUG -- : saved cookie: sid=
D, [2018-07-11T21:01:58.505042 #408] DEBUG -- : saved cookie: JSESSIONID=03DFF4E087EEA1A9CD54AEAC40E4D61D
I, [2018-07-11T21:02:28.688635 #437]  INFO -- : Net::HTTP::Get: /oauth2/default/v1/authorize?response_type=code&client_id=0oafpot97ww0kHpui0h7&redirect_uri=https://www.oauth.com/playground/authorization-code.html&scope=photo+offline_access&state=UhzRcW0-qzJSQQ5Y
D, [2018-07-11T21:02:28.688687 #437] DEBUG -- : request-header: accept-encoding => gzip,deflate,identity
D, [2018-07-11T21:02:28.688708 #437] DEBUG -- : request-header: accept => */*
D, [2018-07-11T21:02:28.688725 #437] DEBUG -- : request-header: user-agent => Mozilla/5.0 (Macintosh; Intel Mac OS X 10_11_2) AppleWebKit/601.3.9 (KHTML, like Gecko) Version/9.0.2 Safari/601.3.9
D, [2018-07-11T21:02:28.688740 #437] DEBUG -- : request-header: accept-charset => ISO-8859-1,utf-8;q=0.7,*;q=0.7
D, [2018-07-11T21:02:28.688755 #437] DEBUG -- : request-header: accept-language => en-us,en;q=0.5
D, [2018-07-11T21:02:28.688769 #437] DEBUG -- : request-header: host => dev-396343.oktapreview.com
I, [2018-07-11T21:02:29.092528 #437]  INFO -- : status: Net::HTTPFound 1.1 302 Found
D, [2018-07-11T21:02:29.092682 #437] DEBUG -- : response-header: date => Wed, 11 Jul 2018 21:02:29 GMT
D, [2018-07-11T21:02:29.092740 #437] DEBUG -- : response-header: server => nginx
D, [2018-07-11T21:02:29.092795 #437] DEBUG -- : response-header: public-key-pins-report-only => pin-sha256="jZomPEBSDXoipA9un78hKRIeN/+U4ZteRaiX8YpWfqc="; pin-sha256="axSbM6RQ+19oXxudaOTdwXJbSr6f7AahxbDHFy3p8s8="; pin-sha256="SE4qe2vdD9tAegPwO79rMnZyhHvqj3i5g1c2HkyGUNE="; pin-sha256="ylP0lMLMvBaiHn0ihLxHjzvlPVQNoyQ+rMiaj0da/Pw="; max-age=60; report-uri="https://okta.report-uri.io/r/default/hpkp/reportOnly"
D, [2018-07-11T21:02:29.092836 #437] DEBUG -- : response-header: content-length => 0
D, [2018-07-11T21:02:29.092872 #437] DEBUG -- : response-header: x-okta-request-id => W0ZwZdM7fkI6dS8y2M@96wAABPI
D, [2018-07-11T21:02:29.092908 #437] DEBUG -- : response-header: p3p => CP="HONK"
D, [2018-07-11T21:02:29.092943 #437] DEBUG -- : response-header: x-rate-limit-limit => 10000
D, [2018-07-11T21:02:29.092995 #437] DEBUG -- : response-header: x-rate-limit-remaining => 9999
D, [2018-07-11T21:02:29.093032 #437] DEBUG -- : response-header: x-rate-limit-reset => 1531343009
D, [2018-07-11T21:02:29.093076 #437] DEBUG -- : response-header: referrer-policy => no-referrer
D, [2018-07-11T21:02:29.093114 #437] DEBUG -- : response-header: x-okta-backend => op1-majorapp01a.aue1s.internal
D, [2018-07-11T21:02:29.093150 #437] DEBUG -- : response-header: cache-control => no-cache, no-store
D, [2018-07-11T21:02:29.093183 #437] DEBUG -- : response-header: pragma => no-cache
D, [2018-07-11T21:02:29.093228 #437] DEBUG -- : response-header: expires => 0
D, [2018-07-11T21:02:29.093263 #437] DEBUG -- : response-header: location => https://dev-396343.oktapreview.com/login/login.htm?fromURI=/oauth2/v1/authorize/redirect?okta_key=FBppcJUl6PUuZ8H4aOCbBDqrcAgMter3mKuAOdvcFlI
D, [2018-07-11T21:02:29.093295 #437] DEBUG -- : response-header: content-language => en
D, [2018-07-11T21:02:29.093328 #437] DEBUG -- : response-header: strict-transport-security => max-age=315360000
D, [2018-07-11T21:02:29.093360 #437] DEBUG -- : response-header: x-robots-tag => none
D, [2018-07-11T21:02:29.093400 #437] DEBUG -- : response-header: set-cookie => ADRUM_BTa="R:0|g:2515aa2d-1c4c-44a5-9a52-276d59cd1e86"; Version=1; Max-Age=30; Expires=Wed, 11-Jul-2018 21:02:59 GMT; Path=/, ADRUM_BTa="R:0|g:2515aa2d-1c4c-44a5-9a52-276d59cd1e86|n:Okta_6d5b1e30-d05a-4894-a37b-81b5f6c60e0e"; Version=1; Max-Age=30; Expires=Wed, 11-Jul-2018 21:02:59 GMT; Path=/, ADRUM_BT1="R:0|i:11555"; Version=1; Max-Age=30; Expires=Wed, 11-Jul-2018 21:02:59 GMT; Path=/, ADRUM_BT1="R:0|i:11555|e:59"; Version=1; Max-Age=30; Expires=Wed, 11-Jul-2018 21:02:59 GMT; Path=/, sid=""; Expires=Thu, 01-Jan-1970 00:00:10 GMT; Path=/, JSESSIONID=BC33C2217452E9E9DBD7066ACF94BFB3; Path=/; HttpOnly, t=default; Path=/, DT=DI0UcAjuGBuSt-ikUXP_slb-g; Expires=Fri, 10-Jul-2020 21:02:29 GMT; Path=/; Secure, sid=""; Expires=Thu, 01-Jan-1970 00:00:10 GMT; Path=/, JSESSIONID=BC33C2217452E9E9DBD7066ACF94BFB3; Path=/; Secure
D, [2018-07-11T21:02:29.093436 #437] DEBUG -- : response-header: keep-alive => timeout=5, max=100
D, [2018-07-11T21:02:29.093489 #437] DEBUG -- : response-header: connection => Keep-Alive
D, [2018-07-11T21:02:29.093627 #437] DEBUG -- : Read 0 bytes (0 total)
D, [2018-07-11T21:02:29.101892 #437] DEBUG -- : saved cookie: ADRUM_BTa=R:0|g:2515aa2d-1c4c-44a5-9a52-276d59cd1e86
D, [2018-07-11T21:02:29.102440 #437] DEBUG -- : saved cookie: ADRUM_BTa=R:0|g:2515aa2d-1c4c-44a5-9a52-276d59cd1e86|n:Okta_6d5b1e30-d05a-4894-a37b-81b5f6c60e0e
D, [2018-07-11T21:02:29.102903 #437] DEBUG -- : saved cookie: ADRUM_BT1=R:0|i:11555
D, [2018-07-11T21:02:29.103334 #437] DEBUG -- : saved cookie: ADRUM_BT1=R:0|i:11555|e:59
D, [2018-07-11T21:02:29.103729 #437] DEBUG -- : saved cookie: sid=
D, [2018-07-11T21:02:29.103981 #437] DEBUG -- : saved cookie: JSESSIONID=BC33C2217452E9E9DBD7066ACF94BFB3
D, [2018-07-11T21:02:29.104144 #437] DEBUG -- : saved cookie: t=default
D, [2018-07-11T21:02:29.104274 #437] DEBUG -- : saved cookie: DT=DI0UcAjuGBuSt-ikUXP_slb-g
D, [2018-07-11T21:02:29.104404 #437] DEBUG -- : saved cookie: sid=
D, [2018-07-11T21:02:29.104488 #437] DEBUG -- : saved cookie: JSESSIONID=BC33C2217452E9E9DBD7066ACF94BFB3
I, [2018-07-11T21:02:29.105024 #437]  INFO -- : Net::HTTP::Get: /login/login.htm?fromURI=/oauth2/v1/authorize/redirect?okta_key=FBppcJUl6PUuZ8H4aOCbBDqrcAgMter3mKuAOdvcFlI
D, [2018-07-11T21:02:29.105061 #437] DEBUG -- : request-header: accept-encoding => gzip,deflate,identity
D, [2018-07-11T21:02:29.105076 #437] DEBUG -- : request-header: accept => */*
D, [2018-07-11T21:02:29.105088 #437] DEBUG -- : request-header: user-agent => Mozilla/5.0 (Macintosh; Intel Mac OS X 10_11_2) AppleWebKit/601.3.9 (KHTML, like Gecko) Version/9.0.2 Safari/601.3.9
D, [2018-07-11T21:02:29.105101 #437] DEBUG -- : request-header: accept-charset => ISO-8859-1,utf-8;q=0.7,*;q=0.7
D, [2018-07-11T21:02:29.105122 #437] DEBUG -- : request-header: accept-language => en-us,en;q=0.5
D, [2018-07-11T21:02:29.105150 #437] DEBUG -- : request-header: cookie => ADRUM_BT1=R:0|i:11555|e:59; ADRUM_BTa=R:0|g:2515aa2d-1c4c-44a5-9a52-276d59cd1e86|n:Okta_6d5b1e30-d05a-4894-a37b-81b5f6c60e0e; DT=DI0UcAjuGBuSt-ikUXP_slb-g; JSESSIONID=BC33C2217452E9E9DBD7066ACF94BFB3; t=default
D, [2018-07-11T21:02:29.105173 #437] DEBUG -- : request-header: host => dev-396343.oktapreview.com
I, [2018-07-11T21:02:29.620873 #437]  INFO -- : status: Net::HTTPOK 1.1 200 OK
D, [2018-07-11T21:02:29.620963 #437] DEBUG -- : response-header: date => Wed, 11 Jul 2018 21:02:29 GMT
D, [2018-07-11T21:02:29.620998 #437] DEBUG -- : response-header: server => nginx
D, [2018-07-11T21:02:29.621025 #437] DEBUG -- : response-header: public-key-pins-report-only => pin-sha256="jZomPEBSDXoipA9un78hKRIeN/+U4ZteRaiX8YpWfqc="; pin-sha256="axSbM6RQ+19oXxudaOTdwXJbSr6f7AahxbDHFy3p8s8="; pin-sha256="SE4qe2vdD9tAegPwO79rMnZyhHvqj3i5g1c2HkyGUNE="; pin-sha256="ylP0lMLMvBaiHn0ihLxHjzvlPVQNoyQ+rMiaj0da/Pw="; max-age=60; report-uri="https://okta.report-uri.io/r/default/hpkp/reportOnly"
D, [2018-07-11T21:02:29.621050 #437] DEBUG -- : response-header: content-type => text/html;charset=utf-8
D, [2018-07-11T21:02:29.621072 #437] DEBUG -- : response-header: vary => Accept-Encoding
D, [2018-07-11T21:02:29.621093 #437] DEBUG -- : response-header: x-okta-request-id => W0ZwZeCmq84gbkXY0djN-wAAAcM
D, [2018-07-11T21:02:29.621115 #437] DEBUG -- : response-header: p3p => CP="HONK"
D, [2018-07-11T21:02:29.621136 #437] DEBUG -- : response-header: x-rate-limit-limit => 850
D, [2018-07-11T21:02:29.621156 #437] DEBUG -- : response-header: x-rate-limit-remaining => 848
D, [2018-07-11T21:02:29.621200 #437] DEBUG -- : response-header: x-rate-limit-reset => 1531342978
D, [2018-07-11T21:02:29.621227 #437] DEBUG -- : response-header: x-okta-backend => op1-majorapp03a.aue1s.internal
D, [2018-07-11T21:02:29.621253 #437] DEBUG -- : response-header: cache-control => no-cache, no-store
D, [2018-07-11T21:02:29.621276 #437] DEBUG -- : response-header: pragma => no-cache
D, [2018-07-11T21:02:29.621300 #437] DEBUG -- : response-header: expires => 0
D, [2018-07-11T21:02:29.621323 #437] DEBUG -- : response-header: x-frame-options => SAMEORIGIN
D, [2018-07-11T21:02:29.621347 #437] DEBUG -- : response-header: x-ua-compatible => IE=edge
D, [2018-07-11T21:02:29.621370 #437] DEBUG -- : response-header: content-language => en
D, [2018-07-11T21:02:29.621393 #437] DEBUG -- : response-header: strict-transport-security => max-age=315360000
D, [2018-07-11T21:02:29.621416 #437] DEBUG -- : response-header: x-robots-tag => none
D, [2018-07-11T21:02:29.621438 #437] DEBUG -- : response-header: content-encoding => gzip
D, [2018-07-11T21:02:29.621466 #437] DEBUG -- : response-header: set-cookie => ADRUM_BT1=R; Expires=Thu, 01-Jan-1970 00:00:10 GMT; Path=/, ADRUM_BTa=R; Expires=Thu, 01-Jan-1970 00:00:10 GMT; Path=/, ADRUM_BTa="R:0|g:20bb0485-f665-4888-a530-3ad5fb6f6f35"; Version=1; Max-Age=30; Expires=Wed, 11-Jul-2018 21:02:59 GMT; Path=/, ADRUM_BTa="R:0|g:20bb0485-f665-4888-a530-3ad5fb6f6f35|n:Okta_6d5b1e30-d05a-4894-a37b-81b5f6c60e0e"; Version=1; Max-Age=30; Expires=Wed, 11-Jul-2018 21:02:59 GMT; Path=/, ADRUM_BT1="R:0|i:11570"; Version=1; Max-Age=30; Expires=Wed, 11-Jul-2018 21:02:59 GMT; Path=/, ADRUM_BT1="R:0|i:11570|e:52"; Version=1; Max-Age=30; Expires=Wed, 11-Jul-2018 21:02:59 GMT; Path=/, sid=""; Expires=Thu, 01-Jan-1970 00:00:10 GMT; Path=/, JSESSIONID=EA72AC2D2E5D5CE2DC6A755A9DB1CE0B; Path=/; HttpOnly, t=default; Path=/, sid=""; Expires=Thu, 01-Jan-1970 00:00:10 GMT; Path=/, JSESSIONID=EA72AC2D2E5D5CE2DC6A755A9DB1CE0B; Path=/; Secure
D, [2018-07-11T21:02:29.621492 #437] DEBUG -- : response-header: keep-alive => timeout=5, max=100
D, [2018-07-11T21:02:29.621516 #437] DEBUG -- : response-header: connection => Keep-Alive
D, [2018-07-11T21:02:29.621546 #437] DEBUG -- : response-header: transfer-encoding => chunked
D, [2018-07-11T21:02:29.621630 #437] DEBUG -- : Read 0 bytes (0 total)
D, [2018-07-11T21:02:29.621715 #437] DEBUG -- : Read 4712 bytes (4712 total)
D, [2018-07-11T21:02:29.621910 #437] DEBUG -- : gzip response
D, [2018-07-11T21:02:29.623599 #437] DEBUG -- : saved cookie: ADRUM_BT1=R
D, [2018-07-11T21:02:29.623855 #437] DEBUG -- : saved cookie: ADRUM_BTa=R
D, [2018-07-11T21:02:29.624144 #437] DEBUG -- : saved cookie: ADRUM_BTa=R:0|g:20bb0485-f665-4888-a530-3ad5fb6f6f35
D, [2018-07-11T21:02:29.624410 #437] DEBUG -- : saved cookie: ADRUM_BTa=R:0|g:20bb0485-f665-4888-a530-3ad5fb6f6f35|n:Okta_6d5b1e30-d05a-4894-a37b-81b5f6c60e0e
D, [2018-07-11T21:02:29.624656 #437] DEBUG -- : saved cookie: ADRUM_BT1=R:0|i:11570
D, [2018-07-11T21:02:29.624893 #437] DEBUG -- : saved cookie: ADRUM_BT1=R:0|i:11570|e:52
D, [2018-07-11T21:02:29.625110 #437] DEBUG -- : saved cookie: sid=
D, [2018-07-11T21:02:29.625248 #437] DEBUG -- : saved cookie: JSESSIONID=EA72AC2D2E5D5CE2DC6A755A9DB1CE0B
D, [2018-07-11T21:02:29.625377 #437] DEBUG -- : saved cookie: t=default
D, [2018-07-11T21:02:29.625601 #437] DEBUG -- : saved cookie: sid=
D, [2018-07-11T21:02:29.625725 #437] DEBUG -- : saved cookie: JSESSIONID=EA72AC2D2E5D5CE2DC6A755A9DB1CE0B
I, [2018-07-11T21:03:18.927620 #466]  INFO -- : Net::HTTP::Get: /oauth2/default/v1/authorize?response_type=code&client_id=0oafpot97ww0kHpui0h7&redirect_uri=https://www.oauth.com/playground/authorization-code.html&scope=photo+offline_access&state=UhzRcW0-qzJSQQ5Y
D, [2018-07-11T21:03:18.927673 #466] DEBUG -- : request-header: accept-encoding => gzip,deflate,identity
D, [2018-07-11T21:03:18.927696 #466] DEBUG -- : request-header: accept => */*
D, [2018-07-11T21:03:18.927714 #466] DEBUG -- : request-header: user-agent => Mozilla/5.0 (Macintosh; Intel Mac OS X 10_11_2) AppleWebKit/601.3.9 (KHTML, like Gecko) Version/9.0.2 Safari/601.3.9
D, [2018-07-11T21:03:18.927730 #466] DEBUG -- : request-header: accept-charset => ISO-8859-1,utf-8;q=0.7,*;q=0.7
D, [2018-07-11T21:03:18.927746 #466] DEBUG -- : request-header: accept-language => en-us,en;q=0.5
D, [2018-07-11T21:03:18.927761 #466] DEBUG -- : request-header: host => dev-396343.oktapreview.com
I, [2018-07-11T21:03:19.705729 #466]  INFO -- : status: Net::HTTPFound 1.1 302 Found
D, [2018-07-11T21:03:19.705871 #466] DEBUG -- : response-header: date => Wed, 11 Jul 2018 21:03:19 GMT
D, [2018-07-11T21:03:19.705952 #466] DEBUG -- : response-header: server => nginx
D, [2018-07-11T21:03:19.706014 #466] DEBUG -- : response-header: public-key-pins-report-only => pin-sha256="jZomPEBSDXoipA9un78hKRIeN/+U4ZteRaiX8YpWfqc="; pin-sha256="axSbM6RQ+19oXxudaOTdwXJbSr6f7AahxbDHFy3p8s8="; pin-sha256="SE4qe2vdD9tAegPwO79rMnZyhHvqj3i5g1c2HkyGUNE="; pin-sha256="ylP0lMLMvBaiHn0ihLxHjzvlPVQNoyQ+rMiaj0da/Pw="; max-age=60; report-uri="https://okta.report-uri.io/r/default/hpkp/reportOnly"
D, [2018-07-11T21:03:19.706070 #466] DEBUG -- : response-header: content-length => 0
D, [2018-07-11T21:03:19.706181 #466] DEBUG -- : response-header: x-okta-request-id => W0Zwl1hPCiQFnSKTZOLCHQAAAbw
D, [2018-07-11T21:03:19.706259 #466] DEBUG -- : response-header: p3p => CP="HONK"
D, [2018-07-11T21:03:19.706305 #466] DEBUG -- : response-header: x-rate-limit-limit => 10000
D, [2018-07-11T21:03:19.706342 #466] DEBUG -- : response-header: x-rate-limit-remaining => 9998
D, [2018-07-11T21:03:19.706376 #466] DEBUG -- : response-header: x-rate-limit-reset => 1531343009
D, [2018-07-11T21:03:19.706411 #466] DEBUG -- : response-header: referrer-policy => no-referrer
D, [2018-07-11T21:03:19.706454 #466] DEBUG -- : response-header: x-okta-backend => op1-majorapp05e.aue1s.internal
D, [2018-07-11T21:03:19.706493 #466] DEBUG -- : response-header: cache-control => no-cache, no-store
D, [2018-07-11T21:03:19.706527 #466] DEBUG -- : response-header: pragma => no-cache
D, [2018-07-11T21:03:19.706561 #466] DEBUG -- : response-header: expires => 0
D, [2018-07-11T21:03:19.706596 #466] DEBUG -- : response-header: location => https://dev-396343.oktapreview.com/login/login.htm?fromURI=/oauth2/v1/authorize/redirect?okta_key=Ua2e_FvnNHVyxjY7brI_HSPQFAe2NN7KXvv_QgFP7og
D, [2018-07-11T21:03:19.706632 #466] DEBUG -- : response-header: content-language => en
D, [2018-07-11T21:03:19.706668 #466] DEBUG -- : response-header: strict-transport-security => max-age=315360000
D, [2018-07-11T21:03:19.706720 #466] DEBUG -- : response-header: x-robots-tag => none
D, [2018-07-11T21:03:19.706768 #466] DEBUG -- : response-header: set-cookie => ADRUM_BTa="R:0|g:e040c91e-ed6b-41fc-8219-a411d4bf3c8d"; Version=1; Max-Age=30; Expires=Wed, 11-Jul-2018 21:03:49 GMT; Path=/, ADRUM_BTa="R:0|g:e040c91e-ed6b-41fc-8219-a411d4bf3c8d|n:Okta_6d5b1e30-d05a-4894-a37b-81b5f6c60e0e"; Version=1; Max-Age=30; Expires=Wed, 11-Jul-2018 21:03:49 GMT; Path=/, ADRUM_BT1="R:0|i:11555"; Version=1; Max-Age=30; Expires=Wed, 11-Jul-2018 21:03:49 GMT; Path=/, ADRUM_BT1="R:0|i:11555|e:69"; Version=1; Max-Age=30; Expires=Wed, 11-Jul-2018 21:03:49 GMT; Path=/, sid=""; Expires=Thu, 01-Jan-1970 00:00:10 GMT; Path=/, JSESSIONID=532DF281AE8E2C608D0BEC6C844E1E2F; Path=/; HttpOnly, t=default; Path=/, DT=DI0JvwdC0y_QEimfAA-H0-31g; Expires=Fri, 10-Jul-2020 21:03:19 GMT; Path=/; Secure, sid=""; Expires=Thu, 01-Jan-1970 00:00:10 GMT; Path=/, JSESSIONID=532DF281AE8E2C608D0BEC6C844E1E2F; Path=/; Secure
D, [2018-07-11T21:03:19.706806 #466] DEBUG -- : response-header: keep-alive => timeout=5, max=100
D, [2018-07-11T21:03:19.706861 #466] DEBUG -- : response-header: connection => Keep-Alive
D, [2018-07-11T21:03:19.707007 #466] DEBUG -- : Read 0 bytes (0 total)
D, [2018-07-11T21:03:19.715087 #466] DEBUG -- : saved cookie: ADRUM_BTa=R:0|g:e040c91e-ed6b-41fc-8219-a411d4bf3c8d
D, [2018-07-11T21:03:19.715607 #466] DEBUG -- : saved cookie: ADRUM_BTa=R:0|g:e040c91e-ed6b-41fc-8219-a411d4bf3c8d|n:Okta_6d5b1e30-d05a-4894-a37b-81b5f6c60e0e
D, [2018-07-11T21:03:19.716022 #466] DEBUG -- : saved cookie: ADRUM_BT1=R:0|i:11555
D, [2018-07-11T21:03:19.716229 #466] DEBUG -- : saved cookie: ADRUM_BT1=R:0|i:11555|e:69
D, [2018-07-11T21:03:19.716346 #466] DEBUG -- : saved cookie: sid=
D, [2018-07-11T21:03:19.716427 #466] DEBUG -- : saved cookie: JSESSIONID=532DF281AE8E2C608D0BEC6C844E1E2F
D, [2018-07-11T21:03:19.716512 #466] DEBUG -- : saved cookie: t=default
D, [2018-07-11T21:03:19.716644 #466] DEBUG -- : saved cookie: DT=DI0JvwdC0y_QEimfAA-H0-31g
D, [2018-07-11T21:03:19.716768 #466] DEBUG -- : saved cookie: sid=
D, [2018-07-11T21:03:19.716847 #466] DEBUG -- : saved cookie: JSESSIONID=532DF281AE8E2C608D0BEC6C844E1E2F
I, [2018-07-11T21:03:19.717271 #466]  INFO -- : Net::HTTP::Get: /login/login.htm?fromURI=/oauth2/v1/authorize/redirect?okta_key=Ua2e_FvnNHVyxjY7brI_HSPQFAe2NN7KXvv_QgFP7og
D, [2018-07-11T21:03:19.717297 #466] DEBUG -- : request-header: accept-encoding => gzip,deflate,identity
D, [2018-07-11T21:03:19.717312 #466] DEBUG -- : request-header: accept => */*
D, [2018-07-11T21:03:19.717324 #466] DEBUG -- : request-header: user-agent => Mozilla/5.0 (Macintosh; Intel Mac OS X 10_11_2) AppleWebKit/601.3.9 (KHTML, like Gecko) Version/9.0.2 Safari/601.3.9
D, [2018-07-11T21:03:19.717335 #466] DEBUG -- : request-header: accept-charset => ISO-8859-1,utf-8;q=0.7,*;q=0.7
D, [2018-07-11T21:03:19.717345 #466] DEBUG -- : request-header: accept-language => en-us,en;q=0.5
D, [2018-07-11T21:03:19.717356 #466] DEBUG -- : request-header: cookie => ADRUM_BT1=R:0|i:11555|e:69; ADRUM_BTa=R:0|g:e040c91e-ed6b-41fc-8219-a411d4bf3c8d|n:Okta_6d5b1e30-d05a-4894-a37b-81b5f6c60e0e; DT=DI0JvwdC0y_QEimfAA-H0-31g; JSESSIONID=532DF281AE8E2C608D0BEC6C844E1E2F; t=default
D, [2018-07-11T21:03:19.717368 #466] DEBUG -- : request-header: host => dev-396343.oktapreview.com
I, [2018-07-11T21:03:20.057109 #466]  INFO -- : status: Net::HTTPOK 1.1 200 OK
D, [2018-07-11T21:03:20.057229 #466] DEBUG -- : response-header: date => Wed, 11 Jul 2018 21:03:20 GMT
D, [2018-07-11T21:03:20.057277 #466] DEBUG -- : response-header: server => nginx
D, [2018-07-11T21:03:20.057314 #466] DEBUG -- : response-header: public-key-pins-report-only => pin-sha256="jZomPEBSDXoipA9un78hKRIeN/+U4ZteRaiX8YpWfqc="; pin-sha256="axSbM6RQ+19oXxudaOTdwXJbSr6f7AahxbDHFy3p8s8="; pin-sha256="SE4qe2vdD9tAegPwO79rMnZyhHvqj3i5g1c2HkyGUNE="; pin-sha256="ylP0lMLMvBaiHn0ihLxHjzvlPVQNoyQ+rMiaj0da/Pw="; max-age=60; report-uri="https://okta.report-uri.io/r/default/hpkp/reportOnly"
D, [2018-07-11T21:03:20.057347 #466] DEBUG -- : response-header: content-type => text/html;charset=utf-8
D, [2018-07-11T21:03:20.057396 #466] DEBUG -- : response-header: vary => Accept-Encoding
D, [2018-07-11T21:03:20.057432 #466] DEBUG -- : response-header: x-okta-request-id => W0Zwl1hPCiQFnSKTZOLCHwAAAZo
D, [2018-07-11T21:03:20.057462 #466] DEBUG -- : response-header: p3p => CP="HONK"
D, [2018-07-11T21:03:20.057492 #466] DEBUG -- : response-header: x-rate-limit-limit => 850
D, [2018-07-11T21:03:20.057521 #466] DEBUG -- : response-header: x-rate-limit-remaining => 849
D, [2018-07-11T21:03:20.057550 #466] DEBUG -- : response-header: x-rate-limit-reset => 1531343059
D, [2018-07-11T21:03:20.057580 #466] DEBUG -- : response-header: x-okta-backend => op1-majorapp06e.aue1s.internal
D, [2018-07-11T21:03:20.057609 #466] DEBUG -- : response-header: cache-control => no-cache, no-store
D, [2018-07-11T21:03:20.057638 #466] DEBUG -- : response-header: pragma => no-cache
D, [2018-07-11T21:03:20.057670 #466] DEBUG -- : response-header: expires => 0
D, [2018-07-11T21:03:20.057701 #466] DEBUG -- : response-header: x-frame-options => SAMEORIGIN
D, [2018-07-11T21:03:20.057731 #466] DEBUG -- : response-header: x-ua-compatible => IE=edge
D, [2018-07-11T21:03:20.057760 #466] DEBUG -- : response-header: content-language => en
D, [2018-07-11T21:03:20.057789 #466] DEBUG -- : response-header: strict-transport-security => max-age=315360000
D, [2018-07-11T21:03:20.057818 #466] DEBUG -- : response-header: x-robots-tag => none
D, [2018-07-11T21:03:20.057847 #466] DEBUG -- : response-header: content-encoding => gzip
D, [2018-07-11T21:03:20.057883 #466] DEBUG -- : response-header: set-cookie => ADRUM_BT1=R; Expires=Thu, 01-Jan-1970 00:00:10 GMT; Path=/, ADRUM_BTa=R; Expires=Thu, 01-Jan-1970 00:00:10 GMT; Path=/, ADRUM_BTa="R:0|g:14a042d7-119c-41e9-bb38-57b9b4d5f221"; Version=1; Max-Age=30; Expires=Wed, 11-Jul-2018 21:03:49 GMT; Path=/, ADRUM_BTa="R:0|g:14a042d7-119c-41e9-bb38-57b9b4d5f221|n:Okta_6d5b1e30-d05a-4894-a37b-81b5f6c60e0e"; Version=1; Max-Age=30; Expires=Wed, 11-Jul-2018 21:03:49 GMT; Path=/, ADRUM_BT1="R:0|i:11570"; Version=1; Max-Age=30; Expires=Wed, 11-Jul-2018 21:03:49 GMT; Path=/, ADRUM_BT1="R:0|i:11570|e:59"; Version=1; Max-Age=30; Expires=Wed, 11-Jul-2018 21:03:49 GMT; Path=/, sid=""; Expires=Thu, 01-Jan-1970 00:00:10 GMT; Path=/, JSESSIONID=D25DE1BD61FCBAE60AFFC0C5A54104D7; Path=/; HttpOnly, t=default; Path=/, sid=""; Expires=Thu, 01-Jan-1970 00:00:10 GMT; Path=/, JSESSIONID=D25DE1BD61FCBAE60AFFC0C5A54104D7; Path=/; Secure
D, [2018-07-11T21:03:20.057916 #466] DEBUG -- : response-header: keep-alive => timeout=5, max=100
D, [2018-07-11T21:03:20.057945 #466] DEBUG -- : response-header: connection => Keep-Alive
D, [2018-07-11T21:03:20.057974 #466] DEBUG -- : response-header: transfer-encoding => chunked
D, [2018-07-11T21:03:20.058085 #466] DEBUG -- : Read 0 bytes (0 total)
D, [2018-07-11T21:03:20.058233 #466] DEBUG -- : Read 4714 bytes (4714 total)
D, [2018-07-11T21:03:20.058447 #466] DEBUG -- : gzip response
D, [2018-07-11T21:03:20.060964 #466] DEBUG -- : saved cookie: ADRUM_BT1=R
D, [2018-07-11T21:03:20.061274 #466] DEBUG -- : saved cookie: ADRUM_BTa=R
D, [2018-07-11T21:03:20.061600 #466] DEBUG -- : saved cookie: ADRUM_BTa=R:0|g:14a042d7-119c-41e9-bb38-57b9b4d5f221
D, [2018-07-11T21:03:20.061941 #466] DEBUG -- : saved cookie: ADRUM_BTa=R:0|g:14a042d7-119c-41e9-bb38-57b9b4d5f221|n:Okta_6d5b1e30-d05a-4894-a37b-81b5f6c60e0e
D, [2018-07-11T21:03:20.062249 #466] DEBUG -- : saved cookie: ADRUM_BT1=R:0|i:11570
D, [2018-07-11T21:03:20.062586 #466] DEBUG -- : saved cookie: ADRUM_BT1=R:0|i:11570|e:59
D, [2018-07-11T21:03:20.062862 #466] DEBUG -- : saved cookie: sid=
D, [2018-07-11T21:03:20.063035 #466] DEBUG -- : saved cookie: JSESSIONID=D25DE1BD61FCBAE60AFFC0C5A54104D7
D, [2018-07-11T21:03:20.063234 #466] DEBUG -- : saved cookie: t=default
D, [2018-07-11T21:03:20.063510 #466] DEBUG -- : saved cookie: sid=
D, [2018-07-11T21:03:20.063682 #466] DEBUG -- : saved cookie: JSESSIONID=D25DE1BD61FCBAE60AFFC0C5A54104D7
I, [2018-07-11T21:04:39.561687 #495]  INFO -- : Net::HTTP::Get: /oauth2/default/v1/authorize?response_type=code&client_id=0oafpot97ww0kHpui0h7&redirect_uri=https://www.oauth.com/playground/authorization-code.html&scope=photo+offline_access&state=UhzRcW0-qzJSQQ5Y
D, [2018-07-11T21:04:39.561959 #495] DEBUG -- : request-header: accept-encoding => gzip,deflate,identity
D, [2018-07-11T21:04:39.562081 #495] DEBUG -- : request-header: accept => */*
D, [2018-07-11T21:04:39.562200 #495] DEBUG -- : request-header: user-agent => Mozilla/5.0 (Macintosh; Intel Mac OS X 10_11_2) AppleWebKit/601.3.9 (KHTML, like Gecko) Version/9.0.2 Safari/601.3.9
D, [2018-07-11T21:04:39.562310 #495] DEBUG -- : request-header: accept-charset => ISO-8859-1,utf-8;q=0.7,*;q=0.7
D, [2018-07-11T21:04:39.562403 #495] DEBUG -- : request-header: accept-language => en-us,en;q=0.5
D, [2018-07-11T21:04:39.562497 #495] DEBUG -- : request-header: host => dev-396343.oktapreview.com
I, [2018-07-11T21:05:39.305792 #555]  INFO -- : Net::HTTP::Get: /oauth2/default/v1/authorize?response_type=code&client_id=0oafpot97ww0kHpui0h7&redirect_uri=https://www.oauth.com/playground/authorization-code.html&scope=photo+offline_access&state=UhzRcW0-qzJSQQ5Y
D, [2018-07-11T21:05:39.305915 #555] DEBUG -- : request-header: accept-encoding => gzip,deflate,identity
D, [2018-07-11T21:05:39.305955 #555] DEBUG -- : request-header: accept => */*
D, [2018-07-11T21:05:39.305987 #555] DEBUG -- : request-header: user-agent => Mozilla/5.0 (Macintosh; Intel Mac OS X 10_11_2) AppleWebKit/601.3.9 (KHTML, like Gecko) Version/9.0.2 Safari/601.3.9
D, [2018-07-11T21:05:39.306014 #555] DEBUG -- : request-header: accept-charset => ISO-8859-1,utf-8;q=0.7,*;q=0.7
D, [2018-07-11T21:05:39.306037 #555] DEBUG -- : request-header: accept-language => en-us,en;q=0.5
D, [2018-07-11T21:05:39.306060 #555] DEBUG -- : request-header: host => dev-396343.oktapreview.com
I, [2018-07-11T21:14:09.723521 #622]  INFO -- : Net::HTTP::Get: /oauth2/default/v1/authorize?response_type=code&client_id=0oafpot97ww0kHpui0h7&redirect_uri=https://www.oauth.com/playground/authorization-code.html&scope=photo+offline_access&state=UhzRcW0-qzJSQQ5Y
D, [2018-07-11T21:14:09.723699 #622] DEBUG -- : request-header: accept-encoding => gzip,deflate,identity
D, [2018-07-11T21:14:09.723785 #622] DEBUG -- : request-header: accept => */*
D, [2018-07-11T21:14:09.723842 #622] DEBUG -- : request-header: user-agent => Mozilla/5.0 (Macintosh; Intel Mac OS X 10_11_2) AppleWebKit/601.3.9 (KHTML, like Gecko) Version/9.0.2 Safari/601.3.9
D, [2018-07-11T21:14:09.723888 #622] DEBUG -- : request-header: accept-charset => ISO-8859-1,utf-8;q=0.7,*;q=0.7
D, [2018-07-11T21:14:09.723928 #622] DEBUG -- : request-header: accept-language => en-us,en;q=0.5
D, [2018-07-11T21:14:09.723967 #622] DEBUG -- : request-header: host => dev-396343.oktapreview.com
I, [2018-07-11T21:23:08.960913 #656]  INFO -- : Net::HTTP::Get: /
D, [2018-07-11T21:23:08.961134 #656] DEBUG -- : request-header: accept-encoding => gzip,deflate,identity
D, [2018-07-11T21:23:08.961236 #656] DEBUG -- : request-header: accept => */*
D, [2018-07-11T21:23:08.961298 #656] DEBUG -- : request-header: user-agent => Mozilla/5.0 (Macintosh; Intel Mac OS X 10_11_2) AppleWebKit/601.3.9 (KHTML, like Gecko) Version/9.0.2 Safari/601.3.9
D, [2018-07-11T21:23:08.961366 #656] DEBUG -- : request-header: accept-charset => ISO-8859-1,utf-8;q=0.7,*;q=0.7
D, [2018-07-11T21:23:08.961413 #656] DEBUG -- : request-header: accept-language => en-us,en;q=0.5
D, [2018-07-11T21:23:08.961458 #656] DEBUG -- : request-header: host => localhost
I, [2018-07-11T21:23:35.594508 #656]  INFO -- : Net::HTTP::Get: /
D, [2018-07-11T21:23:35.594587 #656] DEBUG -- : request-header: accept-encoding => gzip,deflate,identity
D, [2018-07-11T21:23:35.594615 #656] DEBUG -- : request-header: accept => */*
D, [2018-07-11T21:23:35.594643 #656] DEBUG -- : request-header: user-agent => Mozilla/5.0 (Macintosh; Intel Mac OS X 10_11_2) AppleWebKit/601.3.9 (KHTML, like Gecko) Version/9.0.2 Safari/601.3.9
D, [2018-07-11T21:23:35.594659 #656] DEBUG -- : request-header: accept-charset => ISO-8859-1,utf-8;q=0.7,*;q=0.7
D, [2018-07-11T21:23:35.594674 #656] DEBUG -- : request-header: accept-language => en-us,en;q=0.5
D, [2018-07-11T21:23:35.594697 #656] DEBUG -- : request-header: host => localhost
I, [2018-07-11T21:23:56.537708 #656]  INFO -- : Net::HTTP::Get: /oauth2/default/v1/authorize?response_type=code&client_id=0oafpot97ww0kHpui0h7&redirect_uri=https://www.oauth.com/playground/authorization-code.html&scope=photo+offline_access&state=UhzRcW0-qzJSQQ5Y
D, [2018-07-11T21:23:56.537982 #656] DEBUG -- : request-header: accept-encoding => gzip,deflate,identity
D, [2018-07-11T21:23:56.538114 #656] DEBUG -- : request-header: accept => */*
D, [2018-07-11T21:23:56.538225 #656] DEBUG -- : request-header: user-agent => Mozilla/5.0 (Macintosh; Intel Mac OS X 10_11_2) AppleWebKit/601.3.9 (KHTML, like Gecko) Version/9.0.2 Safari/601.3.9
D, [2018-07-11T21:23:56.538322 #656] DEBUG -- : request-header: accept-charset => ISO-8859-1,utf-8;q=0.7,*;q=0.7
D, [2018-07-11T21:23:56.538415 #656] DEBUG -- : request-header: accept-language => en-us,en;q=0.5
D, [2018-07-11T21:23:56.538501 #656] DEBUG -- : request-header: host => dev-396343.oktapreview.com
I, [2018-07-11T21:23:57.094981 #656]  INFO -- : status: Net::HTTPFound 1.1 302 Found
D, [2018-07-11T21:23:57.095168 #656] DEBUG -- : response-header: date => Wed, 11 Jul 2018 21:23:57 GMT
D, [2018-07-11T21:23:57.095329 #656] DEBUG -- : response-header: server => nginx
D, [2018-07-11T21:23:57.095400 #656] DEBUG -- : response-header: public-key-pins-report-only => pin-sha256="jZomPEBSDXoipA9un78hKRIeN/+U4ZteRaiX8YpWfqc="; pin-sha256="axSbM6RQ+19oXxudaOTdwXJbSr6f7AahxbDHFy3p8s8="; pin-sha256="SE4qe2vdD9tAegPwO79rMnZyhHvqj3i5g1c2HkyGUNE="; pin-sha256="ylP0lMLMvBaiHn0ihLxHjzvlPVQNoyQ+rMiaj0da/Pw="; max-age=60; report-uri="https://okta.report-uri.io/r/default/hpkp/reportOnly"
D, [2018-07-11T21:23:57.095459 #656] DEBUG -- : response-header: content-length => 0
D, [2018-07-11T21:23:57.095512 #656] DEBUG -- : response-header: x-okta-request-id => W0Z1bTV1pLaV7c6-@Fs5PgAAAjY
D, [2018-07-11T21:23:57.095564 #656] DEBUG -- : response-header: p3p => CP="HONK"
D, [2018-07-11T21:23:57.095645 #656] DEBUG -- : response-header: x-rate-limit-limit => 10000
D, [2018-07-11T21:23:57.095698 #656] DEBUG -- : response-header: x-rate-limit-remaining => 9999
D, [2018-07-11T21:23:57.095750 #656] DEBUG -- : response-header: x-rate-limit-reset => 1531344297
D, [2018-07-11T21:23:57.095802 #656] DEBUG -- : response-header: referrer-policy => no-referrer
D, [2018-07-11T21:23:57.095853 #656] DEBUG -- : response-header: x-okta-backend => op1-majorapp03e.aue1s.internal
D, [2018-07-11T21:23:57.095907 #656] DEBUG -- : response-header: cache-control => no-cache, no-store
D, [2018-07-11T21:23:57.096001 #656] DEBUG -- : response-header: pragma => no-cache
D, [2018-07-11T21:23:57.096095 #656] DEBUG -- : response-header: expires => 0
D, [2018-07-11T21:23:57.096170 #656] DEBUG -- : response-header: location => https://dev-396343.oktapreview.com/login/login.htm?fromURI=/oauth2/v1/authorize/redirect?okta_key=3PPj4D8Ch-u82Xsn2Qb_xoxepQQEnpG9MWyhjNLGJ8U
D, [2018-07-11T21:23:57.096225 #656] DEBUG -- : response-header: content-language => en
D, [2018-07-11T21:23:57.096277 #656] DEBUG -- : response-header: strict-transport-security => max-age=315360000
D, [2018-07-11T21:23:57.096329 #656] DEBUG -- : response-header: x-robots-tag => none
D, [2018-07-11T21:23:57.096401 #656] DEBUG -- : response-header: set-cookie => ADRUM_BTa="R:0|g:4e3dbb0e-fb49-4cd6-94c7-19cc6738ad44"; Version=1; Max-Age=30; Expires=Wed, 11-Jul-2018 21:24:27 GMT; Path=/, ADRUM_BTa="R:0|g:4e3dbb0e-fb49-4cd6-94c7-19cc6738ad44|n:Okta_6d5b1e30-d05a-4894-a37b-81b5f6c60e0e"; Version=1; Max-Age=30; Expires=Wed, 11-Jul-2018 21:24:27 GMT; Path=/, ADRUM_BT1="R:0|i:11555"; Version=1; Max-Age=30; Expires=Wed, 11-Jul-2018 21:24:27 GMT; Path=/, ADRUM_BT1="R:0|i:11555|e:41"; Version=1; Max-Age=30; Expires=Wed, 11-Jul-2018 21:24:27 GMT; Path=/, sid=""; Expires=Thu, 01-Jan-1970 00:00:10 GMT; Path=/, JSESSIONID=1479498F64670DFBE33198D4A4631112; Path=/; HttpOnly, t=default; Path=/, DT=DI06v-JBJQHRVefW_MGVaWtKQ; Expires=Fri, 10-Jul-2020 21:23:57 GMT; Path=/; Secure, sid=""; Expires=Thu, 01-Jan-1970 00:00:10 GMT; Path=/, JSESSIONID=1479498F64670DFBE33198D4A4631112; Path=/; Secure
D, [2018-07-11T21:23:57.096477 #656] DEBUG -- : response-header: keep-alive => timeout=5, max=100
D, [2018-07-11T21:23:57.096533 #656] DEBUG -- : response-header: connection => Keep-Alive
D, [2018-07-11T21:23:57.096765 #656] DEBUG -- : Read 0 bytes (0 total)
D, [2018-07-11T21:23:57.104722 #656] DEBUG -- : saved cookie: ADRUM_BTa=R:0|g:4e3dbb0e-fb49-4cd6-94c7-19cc6738ad44
D, [2018-07-11T21:23:57.104933 #656] DEBUG -- : saved cookie: ADRUM_BTa=R:0|g:4e3dbb0e-fb49-4cd6-94c7-19cc6738ad44|n:Okta_6d5b1e30-d05a-4894-a37b-81b5f6c60e0e
D, [2018-07-11T21:23:57.105114 #656] DEBUG -- : saved cookie: ADRUM_BT1=R:0|i:11555
D, [2018-07-11T21:23:57.105279 #656] DEBUG -- : saved cookie: ADRUM_BT1=R:0|i:11555|e:41
D, [2018-07-11T21:23:57.105446 #656] DEBUG -- : saved cookie: sid=
D, [2018-07-11T21:23:57.105529 #656] DEBUG -- : saved cookie: JSESSIONID=1479498F64670DFBE33198D4A4631112
D, [2018-07-11T21:23:57.105615 #656] DEBUG -- : saved cookie: t=default
D, [2018-07-11T21:23:57.105753 #656] DEBUG -- : saved cookie: DT=DI06v-JBJQHRVefW_MGVaWtKQ
D, [2018-07-11T21:23:57.105885 #656] DEBUG -- : saved cookie: sid=
D, [2018-07-11T21:23:57.105977 #656] DEBUG -- : saved cookie: JSESSIONID=1479498F64670DFBE33198D4A4631112
I, [2018-07-11T21:23:57.106584 #656]  INFO -- : Net::HTTP::Get: /login/login.htm?fromURI=/oauth2/v1/authorize/redirect?okta_key=3PPj4D8Ch-u82Xsn2Qb_xoxepQQEnpG9MWyhjNLGJ8U
D, [2018-07-11T21:23:57.106613 #656] DEBUG -- : request-header: accept-encoding => gzip,deflate,identity
D, [2018-07-11T21:23:57.106657 #656] DEBUG -- : request-header: accept => */*
D, [2018-07-11T21:23:57.106683 #656] DEBUG -- : request-header: user-agent => Mozilla/5.0 (Macintosh; Intel Mac OS X 10_11_2) AppleWebKit/601.3.9 (KHTML, like Gecko) Version/9.0.2 Safari/601.3.9
D, [2018-07-11T21:23:57.106709 #656] DEBUG -- : request-header: accept-charset => ISO-8859-1,utf-8;q=0.7,*;q=0.7
D, [2018-07-11T21:23:57.106754 #656] DEBUG -- : request-header: accept-language => en-us,en;q=0.5
D, [2018-07-11T21:23:57.106797 #656] DEBUG -- : request-header: cookie => ADRUM_BT1=R:0|i:11555|e:41; ADRUM_BTa=R:0|g:4e3dbb0e-fb49-4cd6-94c7-19cc6738ad44|n:Okta_6d5b1e30-d05a-4894-a37b-81b5f6c60e0e; DT=DI06v-JBJQHRVefW_MGVaWtKQ; JSESSIONID=1479498F64670DFBE33198D4A4631112; t=default
D, [2018-07-11T21:23:57.106824 #656] DEBUG -- : request-header: host => dev-396343.oktapreview.com
I, [2018-07-11T21:23:57.644257 #656]  INFO -- : status: Net::HTTPOK 1.1 200 OK
D, [2018-07-11T21:23:57.644485 #656] DEBUG -- : response-header: date => Wed, 11 Jul 2018 21:23:57 GMT
D, [2018-07-11T21:23:57.644595 #656] DEBUG -- : response-header: server => nginx
D, [2018-07-11T21:23:57.644696 #656] DEBUG -- : response-header: public-key-pins-report-only => pin-sha256="jZomPEBSDXoipA9un78hKRIeN/+U4ZteRaiX8YpWfqc="; pin-sha256="axSbM6RQ+19oXxudaOTdwXJbSr6f7AahxbDHFy3p8s8="; pin-sha256="SE4qe2vdD9tAegPwO79rMnZyhHvqj3i5g1c2HkyGUNE="; pin-sha256="ylP0lMLMvBaiHn0ihLxHjzvlPVQNoyQ+rMiaj0da/Pw="; max-age=60; report-uri="https://okta.report-uri.io/r/default/hpkp/reportOnly"
D, [2018-07-11T21:23:57.644768 #656] DEBUG -- : response-header: content-type => text/html;charset=utf-8
D, [2018-07-11T21:23:57.644832 #656] DEBUG -- : response-header: vary => Accept-Encoding
D, [2018-07-11T21:23:57.644898 #656] DEBUG -- : response-header: x-okta-request-id => W0Z1bTpYrUOH4ioaXm-gDQAACCg
D, [2018-07-11T21:23:57.644978 #656] DEBUG -- : response-header: p3p => CP="HONK"
D, [2018-07-11T21:23:57.645039 #656] DEBUG -- : response-header: x-rate-limit-limit => 850
D, [2018-07-11T21:23:57.645101 #656] DEBUG -- : response-header: x-rate-limit-remaining => 849
D, [2018-07-11T21:23:57.645167 #656] DEBUG -- : response-header: x-rate-limit-reset => 1531344297
D, [2018-07-11T21:23:57.645230 #656] DEBUG -- : response-header: x-okta-backend => op1-majorapp04a.aue1s.internal
D, [2018-07-11T21:23:57.645305 #656] DEBUG -- : response-header: cache-control => no-cache, no-store
D, [2018-07-11T21:23:57.645388 #656] DEBUG -- : response-header: pragma => no-cache
D, [2018-07-11T21:23:57.645476 #656] DEBUG -- : response-header: expires => 0
D, [2018-07-11T21:23:57.645543 #656] DEBUG -- : response-header: x-frame-options => SAMEORIGIN
D, [2018-07-11T21:23:57.645605 #656] DEBUG -- : response-header: x-ua-compatible => IE=edge
D, [2018-07-11T21:23:57.645666 #656] DEBUG -- : response-header: content-language => en
D, [2018-07-11T21:23:57.645727 #656] DEBUG -- : response-header: strict-transport-security => max-age=315360000
D, [2018-07-11T21:23:57.645805 #656] DEBUG -- : response-header: x-robots-tag => none
D, [2018-07-11T21:23:57.645890 #656] DEBUG -- : response-header: content-encoding => gzip
D, [2018-07-11T21:23:57.645969 #656] DEBUG -- : response-header: set-cookie => ADRUM_BT1=R; Expires=Thu, 01-Jan-1970 00:00:10 GMT; Path=/, ADRUM_BTa=R; Expires=Thu, 01-Jan-1970 00:00:10 GMT; Path=/, ADRUM_BTa="R:0|g:96a4484b-75a5-4b5c-9094-b6aa6eb2142f"; Version=1; Max-Age=30; Expires=Wed, 11-Jul-2018 21:24:27 GMT; Path=/, ADRUM_BTa="R:0|g:96a4484b-75a5-4b5c-9094-b6aa6eb2142f|n:Okta_6d5b1e30-d05a-4894-a37b-81b5f6c60e0e"; Version=1; Max-Age=30; Expires=Wed, 11-Jul-2018 21:24:27 GMT; Path=/, ADRUM_BT1="R:0|i:11570"; Version=1; Max-Age=30; Expires=Wed, 11-Jul-2018 21:24:27 GMT; Path=/, ADRUM_BT1="R:0|i:11570|e:69"; Version=1; Max-Age=30; Expires=Wed, 11-Jul-2018 21:24:27 GMT; Path=/, sid=""; Expires=Thu, 01-Jan-1970 00:00:10 GMT; Path=/, JSESSIONID=4E3D36C2592EB05948BD995EC89C8C40; Path=/; HttpOnly, t=default; Path=/, sid=""; Expires=Thu, 01-Jan-1970 00:00:10 GMT; Path=/, JSESSIONID=4E3D36C2592EB05948BD995EC89C8C40; Path=/; Secure
D, [2018-07-11T21:23:57.646035 #656] DEBUG -- : response-header: keep-alive => timeout=5, max=100
D, [2018-07-11T21:23:57.646108 #656] DEBUG -- : response-header: connection => Keep-Alive
D, [2018-07-11T21:23:57.646185 #656] DEBUG -- : response-header: transfer-encoding => chunked
D, [2018-07-11T21:23:57.646400 #656] DEBUG -- : Read 0 bytes (0 total)
D, [2018-07-11T21:23:57.646611 #656] DEBUG -- : Read 4717 bytes (4717 total)
D, [2018-07-11T21:23:57.647100 #656] DEBUG -- : gzip response
D, [2018-07-11T21:23:57.649702 #656] DEBUG -- : saved cookie: ADRUM_BT1=R
D, [2018-07-11T21:23:57.650068 #656] DEBUG -- : saved cookie: ADRUM_BTa=R
D, [2018-07-11T21:23:57.650438 #656] DEBUG -- : saved cookie: ADRUM_BTa=R:0|g:96a4484b-75a5-4b5c-9094-b6aa6eb2142f
D, [2018-07-11T21:23:57.650806 #656] DEBUG -- : saved cookie: ADRUM_BTa=R:0|g:96a4484b-75a5-4b5c-9094-b6aa6eb2142f|n:Okta_6d5b1e30-d05a-4894-a37b-81b5f6c60e0e
D, [2018-07-11T21:23:57.651155 #656] DEBUG -- : saved cookie: ADRUM_BT1=R:0|i:11570
D, [2018-07-11T21:23:57.651501 #656] DEBUG -- : saved cookie: ADRUM_BT1=R:0|i:11570|e:69
D, [2018-07-11T21:23:57.651845 #656] DEBUG -- : saved cookie: sid=
D, [2018-07-11T21:23:57.652072 #656] DEBUG -- : saved cookie: JSESSIONID=4E3D36C2592EB05948BD995EC89C8C40
D, [2018-07-11T21:23:57.652318 #656] DEBUG -- : saved cookie: t=default
D, [2018-07-11T21:23:57.652683 #656] DEBUG -- : saved cookie: sid=
D, [2018-07-11T21:23:57.652881 #656] DEBUG -- : saved cookie: JSESSIONID=4E3D36C2592EB05948BD995EC89C8C40
I, [2018-07-11T21:38:44.603253 #692]  INFO -- : Net::HTTP::Get: /login
D, [2018-07-11T21:38:44.603329 #692] DEBUG -- : request-header: accept-encoding => gzip,deflate,identity
D, [2018-07-11T21:38:44.603365 #692] DEBUG -- : request-header: accept => */*
D, [2018-07-11T21:38:44.603381 #692] DEBUG -- : request-header: user-agent => Mozilla/5.0 (Macintosh; Intel Mac OS X 10_11_2) AppleWebKit/601.3.9 (KHTML, like Gecko) Version/9.0.2 Safari/601.3.9
D, [2018-07-11T21:38:44.603395 #692] DEBUG -- : request-header: accept-charset => ISO-8859-1,utf-8;q=0.7,*;q=0.7
D, [2018-07-11T21:38:44.603407 #692] DEBUG -- : request-header: accept-language => en-us,en;q=0.5
D, [2018-07-11T21:38:44.603432 #692] DEBUG -- : request-header: host => oath
I, [2018-07-11T21:39:20.900945 #721]  INFO -- : Net::HTTP::Get: /login
D, [2018-07-11T21:39:20.901017 #721] DEBUG -- : request-header: accept-encoding => gzip,deflate,identity
D, [2018-07-11T21:39:20.901056 #721] DEBUG -- : request-header: accept => */*
D, [2018-07-11T21:39:20.901106 #721] DEBUG -- : request-header: user-agent => Mozilla/5.0 (Macintosh; Intel Mac OS X 10_11_2) AppleWebKit/601.3.9 (KHTML, like Gecko) Version/9.0.2 Safari/601.3.9
D, [2018-07-11T21:39:20.901141 #721] DEBUG -- : request-header: accept-charset => ISO-8859-1,utf-8;q=0.7,*;q=0.7
D, [2018-07-11T21:39:20.901177 #721] DEBUG -- : request-header: accept-language => en-us,en;q=0.5
D, [2018-07-11T21:39:20.901211 #721] DEBUG -- : request-header: host => oath
I, [2018-07-11T21:43:05.543967 #748]  INFO -- : Net::HTTP::Get: /login
D, [2018-07-11T21:43:05.544035 #748] DEBUG -- : request-header: accept-encoding => gzip,deflate,identity
D, [2018-07-11T21:43:05.544118 #748] DEBUG -- : request-header: accept => */*
D, [2018-07-11T21:43:05.544135 #748] DEBUG -- : request-header: user-agent => Mozilla/5.0 (Macintosh; Intel Mac OS X 10_11_2) AppleWebKit/601.3.9 (KHTML, like Gecko) Version/9.0.2 Safari/601.3.9
D, [2018-07-11T21:43:05.544150 #748] DEBUG -- : request-header: accept-charset => ISO-8859-1,utf-8;q=0.7,*;q=0.7
D, [2018-07-11T21:43:05.544162 #748] DEBUG -- : request-header: accept-language => en-us,en;q=0.5
D, [2018-07-11T21:43:05.544175 #748] DEBUG -- : request-header: host => oath
I, [2018-07-11T21:43:05.544439 #748]  INFO -- : status: Net::HTTPOK 1.0 200 OK
D, [2018-07-11T21:43:05.544475 #748] DEBUG -- : response-header: data => access_token, MTQ0NjJkZmQ5OTM2NDE1ZTZjNGZmZjI3, refresh_token, IwOGYzYTlmM2YxOTQ5MGE3YmNmMDFkNTVk, state, 12345678
I, [2018-07-11T21:43:32.374027 #775]  INFO -- : Net::HTTP::Get: /login
D, [2018-07-11T21:43:32.374092 #775] DEBUG -- : request-header: accept-encoding => gzip,deflate,identity
D, [2018-07-11T21:43:32.374140 #775] DEBUG -- : request-header: accept => */*
D, [2018-07-11T21:43:32.374159 #775] DEBUG -- : request-header: user-agent => Mozilla/5.0 (Macintosh; Intel Mac OS X 10_11_2) AppleWebKit/601.3.9 (KHTML, like Gecko) Version/9.0.2 Safari/601.3.9
D, [2018-07-11T21:43:32.374174 #775] DEBUG -- : request-header: accept-charset => ISO-8859-1,utf-8;q=0.7,*;q=0.7
D, [2018-07-11T21:43:32.374187 #775] DEBUG -- : request-header: accept-language => en-us,en;q=0.5
D, [2018-07-11T21:43:32.374199 #775] DEBUG -- : request-header: host => oath
I, [2018-07-11T21:43:32.374452 #775]  INFO -- : status: Net::HTTPOK 1.0 200 OK
D, [2018-07-11T21:43:32.374485 #775] DEBUG -- : response-header: data => access_token, MTQ0NjJkZmQ5OTM2NDE1ZTZjNGZmZjI3, refresh_token, IwOGYzYTlmM2YxOTQ5MGE3YmNmMDFkNTVk, state, 12345678
I, [2018-07-11T21:44:54.257446 #802]  INFO -- : Net::HTTP::Get: /login
D, [2018-07-11T21:44:54.257504 #802] DEBUG -- : request-header: accept-encoding => gzip,deflate,identity
D, [2018-07-11T21:44:54.257532 #802] DEBUG -- : request-header: accept => */*
D, [2018-07-11T21:44:54.257549 #802] DEBUG -- : request-header: user-agent => Mozilla/5.0 (Macintosh; Intel Mac OS X 10_11_2) AppleWebKit/601.3.9 (KHTML, like Gecko) Version/9.0.2 Safari/601.3.9
D, [2018-07-11T21:44:54.257563 #802] DEBUG -- : request-header: accept-charset => ISO-8859-1,utf-8;q=0.7,*;q=0.7
D, [2018-07-11T21:44:54.257581 #802] DEBUG -- : request-header: accept-language => en-us,en;q=0.5
D, [2018-07-11T21:44:54.257594 #802] DEBUG -- : request-header: host => oath
I, [2018-07-11T21:44:54.257848 #802]  INFO -- : status: Net::HTTPOK 1.0 200 OK
D, [2018-07-11T21:44:54.257880 #802] DEBUG -- : response-header: data => access_token, MTQ0NjJkZmQ5OTM2NDE1ZTZjNGZmZjI3, refresh_token, IwOGYzYTlmM2YxOTQ5MGE3YmNmMDFkNTVk, state, 12345678
I, [2018-07-11T21:45:40.487573 #829]  INFO -- : Net::HTTP::Get: /login
D, [2018-07-11T21:45:40.487751 #829] DEBUG -- : request-header: accept-encoding => gzip,deflate,identity
D, [2018-07-11T21:45:40.487846 #829] DEBUG -- : request-header: accept => */*
D, [2018-07-11T21:45:40.487950 #829] DEBUG -- : request-header: user-agent => Mozilla/5.0 (Macintosh; Intel Mac OS X 10_11_2) AppleWebKit/601.3.9 (KHTML, like Gecko) Version/9.0.2 Safari/601.3.9
D, [2018-07-11T21:45:40.488001 #829] DEBUG -- : request-header: accept-charset => ISO-8859-1,utf-8;q=0.7,*;q=0.7
D, [2018-07-11T21:45:40.488064 #829] DEBUG -- : request-header: accept-language => en-us,en;q=0.5
D, [2018-07-11T21:45:40.488135 #829] DEBUG -- : request-header: host => oath
I, [2018-07-11T21:45:40.488957 #829]  INFO -- : status: Net::HTTPOK 1.0 200 OK
D, [2018-07-11T21:45:40.489068 #829] DEBUG -- : response-header: data => access_token, MTQ0NjJkZmQ5OTM2NDE1ZTZjNGZmZjI3, refresh_token, IwOGYzYTlmM2YxOTQ5MGE3YmNmMDFkNTVk, state, 12345678
I, [2018-07-11T21:45:58.869861 #829]  INFO -- : Net::HTTP::Get: /login
D, [2018-07-11T21:45:58.870109 #829] DEBUG -- : request-header: accept-encoding => gzip,deflate,identity
D, [2018-07-11T21:45:58.870246 #829] DEBUG -- : request-header: accept => */*
D, [2018-07-11T21:45:58.870333 #829] DEBUG -- : request-header: user-agent => Mozilla/5.0 (Macintosh; Intel Mac OS X 10_11_2) AppleWebKit/601.3.9 (KHTML, like Gecko) Version/9.0.2 Safari/601.3.9
D, [2018-07-11T21:45:58.870403 #829] DEBUG -- : request-header: accept-charset => ISO-8859-1,utf-8;q=0.7,*;q=0.7
D, [2018-07-11T21:45:58.870467 #829] DEBUG -- : request-header: accept-language => en-us,en;q=0.5
D, [2018-07-11T21:45:58.870532 #829] DEBUG -- : request-header: host => oath
I, [2018-07-11T21:45:58.871512 #829]  INFO -- : status: Net::HTTPOK 1.0 200 OK
D, [2018-07-11T21:45:58.871663 #829] DEBUG -- : response-header: data => access_token, MTQ0NjJkZmQ5OTM2NDE1ZTZjNGZmZjI3, refresh_token, IwOGYzYTlmM2YxOTQ5MGE3YmNmMDFkNTVk, state, 12345678
I, [2018-07-11T21:48:19.457669 #829]  INFO -- : Net::HTTP::Get: /login
D, [2018-07-11T21:48:19.457819 #829] DEBUG -- : request-header: accept-encoding => gzip,deflate,identity
D, [2018-07-11T21:48:19.457904 #829] DEBUG -- : request-header: accept => */*
D, [2018-07-11T21:48:19.457977 #829] DEBUG -- : request-header: user-agent => Mozilla/5.0 (Macintosh; Intel Mac OS X 10_11_2) AppleWebKit/601.3.9 (KHTML, like Gecko) Version/9.0.2 Safari/601.3.9
D, [2018-07-11T21:48:19.458045 #829] DEBUG -- : request-header: accept-charset => ISO-8859-1,utf-8;q=0.7,*;q=0.7
D, [2018-07-11T21:48:19.458110 #829] DEBUG -- : request-header: accept-language => en-us,en;q=0.5
D, [2018-07-11T21:48:19.458171 #829] DEBUG -- : request-header: host => oath
I, [2018-07-11T21:48:19.458993 #829]  INFO -- : status: Net::HTTPOK 1.0 200 OK
D, [2018-07-11T21:48:19.459120 #829] DEBUG -- : response-header: data => access_token, MTQ0NjJkZmQ5OTM2NDE1ZTZjNGZmZjI3, refresh_token, IwOGYzYTlmM2YxOTQ5MGE3YmNmMDFkNTVk, state, 12345678
I, [2018-07-11T21:48:26.616842 #829]  INFO -- : Net::HTTP::Get: /login
D, [2018-07-11T21:48:26.616969 #829] DEBUG -- : request-header: accept-encoding => gzip,deflate,identity
D, [2018-07-11T21:48:26.617027 #829] DEBUG -- : request-header: accept => */*
D, [2018-07-11T21:48:26.617071 #829] DEBUG -- : request-header: user-agent => Mozilla/5.0 (Macintosh; Intel Mac OS X 10_11_2) AppleWebKit/601.3.9 (KHTML, like Gecko) Version/9.0.2 Safari/601.3.9
D, [2018-07-11T21:48:26.617117 #829] DEBUG -- : request-header: accept-charset => ISO-8859-1,utf-8;q=0.7,*;q=0.7
D, [2018-07-11T21:48:26.617159 #829] DEBUG -- : request-header: accept-language => en-us,en;q=0.5
D, [2018-07-11T21:48:26.617199 #829] DEBUG -- : request-header: host => oath
I, [2018-07-11T21:48:26.617780 #829]  INFO -- : status: Net::HTTPOK 1.0 200 OK
D, [2018-07-11T21:48:26.617882 #829] DEBUG -- : response-header: data => access_token, MTQ0NjJkZmQ5OTM2NDE1ZTZjNGZmZjI3, refresh_token, IwOGYzYTlmM2YxOTQ5MGE3YmNmMDFkNTVk, state, 12345678
I, [2018-07-11T21:57:57.245815 #883]  INFO -- : Net::HTTP::Get: /login
D, [2018-07-11T21:57:57.245940 #883] DEBUG -- : request-header: accept-encoding => gzip,deflate,identity
D, [2018-07-11T21:57:57.245992 #883] DEBUG -- : request-header: accept => */*
D, [2018-07-11T21:57:57.246031 #883] DEBUG -- : request-header: user-agent => Mozilla/5.0 (Macintosh; Intel Mac OS X 10_11_2) AppleWebKit/601.3.9 (KHTML, like Gecko) Version/9.0.2 Safari/601.3.9
D, [2018-07-11T21:57:57.246067 #883] DEBUG -- : request-header: accept-charset => ISO-8859-1,utf-8;q=0.7,*;q=0.7
D, [2018-07-11T21:57:57.246099 #883] DEBUG -- : request-header: accept-language => en-us,en;q=0.5
D, [2018-07-11T21:57:57.246145 #883] DEBUG -- : request-header: host => oath
I, [2018-07-11T21:58:18.625218 #883]  INFO -- : Net::HTTP::Get: /login
D, [2018-07-11T21:58:18.625331 #883] DEBUG -- : request-header: accept-encoding => gzip,deflate,identity
D, [2018-07-11T21:58:18.625377 #883] DEBUG -- : request-header: accept => */*
D, [2018-07-11T21:58:18.625420 #883] DEBUG -- : request-header: user-agent => Mozilla/5.0 (Macintosh; Intel Mac OS X 10_11_2) AppleWebKit/601.3.9 (KHTML, like Gecko) Version/9.0.2 Safari/601.3.9
D, [2018-07-11T21:58:18.625443 #883] DEBUG -- : request-header: accept-charset => ISO-8859-1,utf-8;q=0.7,*;q=0.7
D, [2018-07-11T21:58:18.625463 #883] DEBUG -- : request-header: accept-language => en-us,en;q=0.5
D, [2018-07-11T21:58:18.625482 #883] DEBUG -- : request-header: host => oath
I, [2018-07-11T21:58:30.286065 #883]  INFO -- : Net::HTTP::Get: /login
D, [2018-07-11T21:58:30.286158 #883] DEBUG -- : request-header: accept-encoding => gzip,deflate,identity
D, [2018-07-11T21:58:30.286206 #883] DEBUG -- : request-header: accept => */*
D, [2018-07-11T21:58:30.286237 #883] DEBUG -- : request-header: user-agent => Mozilla/5.0 (Macintosh; Intel Mac OS X 10_11_2) AppleWebKit/601.3.9 (KHTML, like Gecko) Version/9.0.2 Safari/601.3.9
D, [2018-07-11T21:58:30.286264 #883] DEBUG -- : request-header: accept-charset => ISO-8859-1,utf-8;q=0.7,*;q=0.7
D, [2018-07-11T21:58:30.286290 #883] DEBUG -- : request-header: accept-language => en-us,en;q=0.5
D, [2018-07-11T21:58:30.286314 #883] DEBUG -- : request-header: host => oath
I, [2018-07-11T21:58:34.158098 #883]  INFO -- : Net::HTTP::Get: /login
D, [2018-07-11T21:58:34.158237 #883] DEBUG -- : request-header: accept-encoding => gzip,deflate,identity
D, [2018-07-11T21:58:34.158306 #883] DEBUG -- : request-header: accept => */*
D, [2018-07-11T21:58:34.158361 #883] DEBUG -- : request-header: user-agent => Mozilla/5.0 (Macintosh; Intel Mac OS X 10_11_2) AppleWebKit/601.3.9 (KHTML, like Gecko) Version/9.0.2 Safari/601.3.9
D, [2018-07-11T21:58:34.158414 #883] DEBUG -- : request-header: accept-charset => ISO-8859-1,utf-8;q=0.7,*;q=0.7
D, [2018-07-11T21:58:34.158465 #883] DEBUG -- : request-header: accept-language => en-us,en;q=0.5
D, [2018-07-11T21:58:34.158512 #883] DEBUG -- : request-header: host => oath
I, [2018-07-11T21:58:55.657849 #910]  INFO -- : Net::HTTP::Get: /login
D, [2018-07-11T21:58:55.658123 #910] DEBUG -- : request-header: accept-encoding => gzip,deflate,identity
D, [2018-07-11T21:58:55.658246 #910] DEBUG -- : request-header: accept => */*
D, [2018-07-11T21:58:55.658348 #910] DEBUG -- : request-header: user-agent => Mozilla/5.0 (Macintosh; Intel Mac OS X 10_11_2) AppleWebKit/601.3.9 (KHTML, like Gecko) Version/9.0.2 Safari/601.3.9
D, [2018-07-11T21:58:55.658441 #910] DEBUG -- : request-header: accept-charset => ISO-8859-1,utf-8;q=0.7,*;q=0.7
D, [2018-07-11T21:58:55.658529 #910] DEBUG -- : request-header: accept-language => en-us,en;q=0.5
D, [2018-07-11T21:58:55.658615 #910] DEBUG -- : request-header: host => oath
I, [2018-07-11T21:58:55.660351 #910]  INFO -- : status: Net::HTTPOK 1.0 200 OK
D, [2018-07-11T21:58:55.660496 #910] DEBUG -- : response-header: data => access_token, MTQ0NjJkZmQ5OTM2NDE1ZTZjNGZmZjI3, refresh_token, IwOGYzYTlmM2YxOTQ5MGE3YmNmMDFkNTVk, state, 12345678
I, [2018-07-11T22:00:08.913789 #910]  INFO -- : Net::HTTP::Get: /login
D, [2018-07-11T22:00:08.913918 #910] DEBUG -- : request-header: accept-encoding => gzip,deflate,identity
D, [2018-07-11T22:00:08.913978 #910] DEBUG -- : request-header: accept => */*
D, [2018-07-11T22:00:08.914042 #910] DEBUG -- : request-header: user-agent => Mozilla/5.0 (Macintosh; Intel Mac OS X 10_11_2) AppleWebKit/601.3.9 (KHTML, like Gecko) Version/9.0.2 Safari/601.3.9
D, [2018-07-11T22:00:08.914089 #910] DEBUG -- : request-header: accept-charset => ISO-8859-1,utf-8;q=0.7,*;q=0.7
D, [2018-07-11T22:00:08.914132 #910] DEBUG -- : request-header: accept-language => en-us,en;q=0.5
D, [2018-07-11T22:00:08.914173 #910] DEBUG -- : request-header: host => oath
I, [2018-07-11T22:00:08.914880 #910]  INFO -- : status: Net::HTTPOK 1.0 200 OK
D, [2018-07-11T22:00:08.915002 #910] DEBUG -- : response-header: data => access_token, MTQ0NjJkZmQ5OTM2NDE1ZTZjNGZmZjI3, refresh_token, IwOGYzYTlmM2YxOTQ5MGE3YmNmMDFkNTVk, state, 12345678
